[0.154s] Invoking command in '/home/dmsai1/turtlebot3_ws/build/dynamixel_sdk': CMAKE_PREFIX_PATH=${CMAKE_PREFIX_PATH}:/home/dmsai1/turtlebot3_ws/install/turtlebot3_teleop:/home/dmsai1/turtlebot3_ws/install/turtlebot3_example:/home/dmsai1/turtlebot3_ws/install/turtlebot3_dqn:/opt/ros/foxy /usr/bin/cmake --build /home/dmsai1/turtlebot3_ws/build/dynamixel_sdk -- -j12 -l12
[0.618s] [100%] Built target dynamixel_sdk
[0.645s] Invoked command in '/home/dmsai1/turtlebot3_ws/build/dynamixel_sdk' returned '0': CMAKE_PREFIX_PATH=${CMAKE_PREFIX_PATH}:/home/dmsai1/turtlebot3_ws/install/turtlebot3_teleop:/home/dmsai1/turtlebot3_ws/install/turtlebot3_example:/home/dmsai1/turtlebot3_ws/install/turtlebot3_dqn:/opt/ros/foxy /usr/bin/cmake --build /home/dmsai1/turtlebot3_ws/build/dynamixel_sdk -- -j12 -l12
[0.803s] Invoking command in '/home/dmsai1/turtlebot3_ws/build/dynamixel_sdk': CMAKE_PREFIX_PATH=${CMAKE_PREFIX_PATH}:/home/dmsai1/turtlebot3_ws/install/turtlebot3_teleop:/home/dmsai1/turtlebot3_ws/install/turtlebot3_example:/home/dmsai1/turtlebot3_ws/install/turtlebot3_dqn:/opt/ros/foxy /usr/bin/cmake --install /home/dmsai1/turtlebot3_ws/build/dynamixel_sdk
[0.820s] -- Install configuration: ""
[0.821s] -- Execute custom install script
[0.822s] -- Up-to-date symlink: /home/dmsai1/turtlebot3_ws/install/dynamixel_sdk/include//dynamixel_sdk/dynamixel_sdk.h
[0.822s] -- Up-to-date symlink: /home/dmsai1/turtlebot3_ws/install/dynamixel_sdk/include//dynamixel_sdk/group_bulk_read.h
[0.822s] -- Up-to-date symlink: /home/dmsai1/turtlebot3_ws/install/dynamixel_sdk/include//dynamixel_sdk/group_bulk_write.h
[0.829s] -- Up-to-date symlink: /home/dmsai1/turtlebot3_ws/install/dynamixel_sdk/include//dynamixel_sdk/group_sync_read.h
[0.830s] -- Up-to-date symlink: /home/dmsai1/turtlebot3_ws/install/dynamixel_sdk/include//dynamixel_sdk/group_sync_write.h
[0.830s] -- Up-to-date symlink: /home/dmsai1/turtlebot3_ws/install/dynamixel_sdk/include//dynamixel_sdk/packet_handler.h
[0.830s] -- Up-to-date symlink: /home/dmsai1/turtlebot3_ws/install/dynamixel_sdk/include//dynamixel_sdk/port_handler.h
[0.830s] -- Up-to-date symlink: /home/dmsai1/turtlebot3_ws/install/dynamixel_sdk/include//dynamixel_sdk/port_handler_arduino.h
[0.830s] -- Up-to-date symlink: /home/dmsai1/turtlebot3_ws/install/dynamixel_sdk/include//dynamixel_sdk/port_handler_linux.h
[0.830s] -- Up-to-date symlink: /home/dmsai1/turtlebot3_ws/install/dynamixel_sdk/include//dynamixel_sdk/port_handler_mac.h
[0.830s] -- Up-to-date symlink: /home/dmsai1/turtlebot3_ws/install/dynamixel_sdk/include//dynamixel_sdk/port_handler_windows.h
[0.830s] -- Up-to-date symlink: /home/dmsai1/turtlebot3_ws/install/dynamixel_sdk/include//dynamixel_sdk/protocol1_packet_handler.h
[0.830s] -- Up-to-date symlink: /home/dmsai1/turtlebot3_ws/install/dynamixel_sdk/include//dynamixel_sdk/protocol2_packet_handler.h
[0.830s] -- Up-to-date symlink: /home/dmsai1/turtlebot3_ws/install/dynamixel_sdk/lib/libdynamixel_sdk.so
[0.833s] -- Up-to-date symlink: /home/dmsai1/turtlebot3_ws/install/dynamixel_sdk/share/dynamixel_sdk/environment/library_path.sh
[0.833s] -- Up-to-date symlink: /home/dmsai1/turtlebot3_ws/install/dynamixel_sdk/share/dynamixel_sdk/environment/library_path.dsv
[0.834s] -- Up-to-date symlink: /home/dmsai1/turtlebot3_ws/install/dynamixel_sdk/share/ament_index/resource_index/package_run_dependencies/dynamixel_sdk
[0.834s] -- Up-to-date symlink: /home/dmsai1/turtlebot3_ws/install/dynamixel_sdk/share/ament_index/resource_index/parent_prefix_path/dynamixel_sdk
[0.835s] -- Up-to-date symlink: /home/dmsai1/turtlebot3_ws/install/dynamixel_sdk/share/dynamixel_sdk/environment/ament_prefix_path.sh
[0.835s] -- Up-to-date symlink: /home/dmsai1/turtlebot3_ws/install/dynamixel_sdk/share/dynamixel_sdk/environment/ament_prefix_path.dsv
[0.836s] -- Up-to-date symlink: /home/dmsai1/turtlebot3_ws/install/dynamixel_sdk/share/dynamixel_sdk/environment/path.sh
[0.836s] -- Up-to-date symlink: /home/dmsai1/turtlebot3_ws/install/dynamixel_sdk/share/dynamixel_sdk/environment/path.dsv
[0.837s] -- Up-to-date symlink: /home/dmsai1/turtlebot3_ws/install/dynamixel_sdk/share/dynamixel_sdk/local_setup.bash
[0.837s] -- Up-to-date symlink: /home/dmsai1/turtlebot3_ws/install/dynamixel_sdk/share/dynamixel_sdk/local_setup.sh
[0.852s] -- Up-to-date symlink: /home/dmsai1/turtlebot3_ws/install/dynamixel_sdk/share/dynamixel_sdk/local_setup.zsh
[0.853s] -- Up-to-date symlink: /home/dmsai1/turtlebot3_ws/install/dynamixel_sdk/share/dynamixel_sdk/local_setup.dsv
[0.853s] -- Symlinking: /home/dmsai1/turtlebot3_ws/install/dynamixel_sdk/share/dynamixel_sdk/package.dsv
[0.858s] -- Up-to-date symlink: /home/dmsai1/turtlebot3_ws/install/dynamixel_sdk/share/ament_index/resource_index/packages/dynamixel_sdk
[0.859s] -- Up-to-date symlink: /home/dmsai1/turtlebot3_ws/install/dynamixel_sdk/share/dynamixel_sdk/cmake/ament_cmake_export_include_directories-extras.cmake
[0.859s] -- Up-to-date symlink: /home/dmsai1/turtlebot3_ws/install/dynamixel_sdk/share/dynamixel_sdk/cmake/ament_cmake_export_libraries-extras.cmake
[0.859s] -- Up-to-date symlink: /home/dmsai1/turtlebot3_ws/install/dynamixel_sdk/share/dynamixel_sdk/cmake/dynamixel_sdkConfig.cmake
[0.860s] -- Up-to-date symlink: /home/dmsai1/turtlebot3_ws/install/dynamixel_sdk/share/dynamixel_sdk/cmake/dynamixel_sdkConfig-version.cmake
[0.860s] -- Up-to-date symlink: /home/dmsai1/turtlebot3_ws/install/dynamixel_sdk/share/dynamixel_sdk/package.xml
[0.913s] Invoked command in '/home/dmsai1/turtlebot3_ws/build/dynamixel_sdk' returned '0': CMAKE_PREFIX_PATH=${CMAKE_PREFIX_PATH}:/home/dmsai1/turtlebot3_ws/install/turtlebot3_teleop:/home/dmsai1/turtlebot3_ws/install/turtlebot3_example:/home/dmsai1/turtlebot3_ws/install/turtlebot3_dqn:/opt/ros/foxy /usr/bin/cmake --install /home/dmsai1/turtlebot3_ws/build/dynamixel_sdk
