[0.059s] Invoking command in '/home/dmsai1/turtlebot3_ws/build/turtlebot3_msgs': CMAKE_PREFIX_PATH=${CMAKE_PREFIX_PATH}:/home/dmsai1/turtlebot3_ws/install/turtlebot3_teleop:/home/dmsai1/turtlebot3_ws/install/turtlebot3_example:/home/dmsai1/turtlebot3_ws/install/turtlebot3_dqn:/opt/ros/foxy CONDA_PROMPT_MODIFIER=(turtlebotdrl) /usr/bin/cmake --build /home/dmsai1/turtlebot3_ws/build/turtlebot3_msgs -- -j12 -l12
[0.289s] [  1%] Built target turtlebot3_msgs__cpp
[0.290s] [ 12%] Built target turtlebot3_msgs__rosidl_generator_c
[0.290s] [ 25%] Built target turtlebot3_msgs__rosidl_typesupport_c
[0.291s] [ 35%] Built target turtlebot3_msgs__rosidl_typesupport_cpp
[0.291s] [ 46%] Built target turtlebot3_msgs__rosidl_typesupport_introspection_cpp
[0.291s] [ 57%] Built target turtlebot3_msgs__rosidl_typesupport_introspection_c
[0.292s] [ 69%] Built target turtlebot3_msgs__rosidl_typesupport_fastrtps_cpp
[0.292s] [ 80%] Built target turtlebot3_msgs__rosidl_typesupport_fastrtps_c
[0.292s] [ 80%] Built target turtlebot3_msgs
[0.292s] [ 81%] Built target turtlebot3_msgs__py
[0.293s] [ 91%] Built target turtlebot3_msgs__python
[0.293s] [ 94%] Built target turtlebot3_msgs__rosidl_typesupport_c__pyext
[0.293s] [ 97%] Built target turtlebot3_msgs__rosidl_typesupport_fastrtps_c__pyext
[0.293s] [100%] Built target turtlebot3_msgs__rosidl_typesupport_introspection_c__pyext
[0.304s] Invoked command in '/home/dmsai1/turtlebot3_ws/build/turtlebot3_msgs' returned '0': CMAKE_PREFIX_PATH=${CMAKE_PREFIX_PATH}:/home/dmsai1/turtlebot3_ws/install/turtlebot3_teleop:/home/dmsai1/turtlebot3_ws/install/turtlebot3_example:/home/dmsai1/turtlebot3_ws/install/turtlebot3_dqn:/opt/ros/foxy CONDA_PROMPT_MODIFIER=(turtlebotdrl) /usr/bin/cmake --build /home/dmsai1/turtlebot3_ws/build/turtlebot3_msgs -- -j12 -l12
[0.438s] Invoking command in '/home/dmsai1/turtlebot3_ws/build/turtlebot3_msgs': CMAKE_PREFIX_PATH=${CMAKE_PREFIX_PATH}:/home/dmsai1/turtlebot3_ws/install/turtlebot3_teleop:/home/dmsai1/turtlebot3_ws/install/turtlebot3_example:/home/dmsai1/turtlebot3_ws/install/turtlebot3_dqn:/opt/ros/foxy CONDA_PROMPT_MODIFIER=(turtlebotdrl) /usr/bin/cmake --install /home/dmsai1/turtlebot3_ws/build/turtlebot3_msgs
[0.455s] -- Install configuration: ""
[0.455s] -- Execute custom install script
[0.455s] -- Up-to-date symlink: /home/dmsai1/turtlebot3_ws/install/turtlebot3_msgs/share/ament_index/resource_index/rosidl_interfaces/turtlebot3_msgs
[0.455s] -- Up-to-date symlink: /home/dmsai1/turtlebot3_ws/install/turtlebot3_msgs/include/turtlebot3_msgs/action/detail/patrol__functions.h
[0.457s] -- Up-to-date symlink: /home/dmsai1/turtlebot3_ws/install/turtlebot3_msgs/include/turtlebot3_msgs/action/detail/patrol__struct.h
[0.458s] -- Up-to-date symlink: /home/dmsai1/turtlebot3_ws/install/turtlebot3_msgs/include/turtlebot3_msgs/action/detail/patrol__type_support.h
[0.458s] -- Up-to-date symlink: /home/dmsai1/turtlebot3_ws/install/turtlebot3_msgs/include/turtlebot3_msgs/action/patrol.h
[0.458s] -- Up-to-date symlink: /home/dmsai1/turtlebot3_ws/install/turtlebot3_msgs/include/turtlebot3_msgs/msg/detail/sensor_state__functions.h
[0.458s] -- Up-to-date symlink: /home/dmsai1/turtlebot3_ws/install/turtlebot3_msgs/include/turtlebot3_msgs/msg/detail/sensor_state__struct.h
[0.458s] -- Up-to-date symlink: /home/dmsai1/turtlebot3_ws/install/turtlebot3_msgs/include/turtlebot3_msgs/msg/detail/sensor_state__type_support.h
[0.458s] -- Up-to-date symlink: /home/dmsai1/turtlebot3_ws/install/turtlebot3_msgs/include/turtlebot3_msgs/msg/detail/sound__functions.h
[0.459s] -- Up-to-date symlink: /home/dmsai1/turtlebot3_ws/install/turtlebot3_msgs/include/turtlebot3_msgs/msg/detail/sound__struct.h
[0.459s] -- Up-to-date symlink: /home/dmsai1/turtlebot3_ws/install/turtlebot3_msgs/include/turtlebot3_msgs/msg/detail/sound__type_support.h
[0.460s] -- Up-to-date symlink: /home/dmsai1/turtlebot3_ws/install/turtlebot3_msgs/include/turtlebot3_msgs/msg/detail/version_info__functions.h
[0.461s] -- Up-to-date symlink: /home/dmsai1/turtlebot3_ws/install/turtlebot3_msgs/include/turtlebot3_msgs/msg/detail/version_info__struct.h
[0.461s] -- Up-to-date symlink: /home/dmsai1/turtlebot3_ws/install/turtlebot3_msgs/include/turtlebot3_msgs/msg/detail/version_info__type_support.h
[0.461s] -- Up-to-date symlink: /home/dmsai1/turtlebot3_ws/install/turtlebot3_msgs/include/turtlebot3_msgs/msg/rosidl_generator_c__visibility_control.h
[0.461s] -- Up-to-date symlink: /home/dmsai1/turtlebot3_ws/install/turtlebot3_msgs/include/turtlebot3_msgs/msg/sensor_state.h
[0.462s] -- Up-to-date symlink: /home/dmsai1/turtlebot3_ws/install/turtlebot3_msgs/include/turtlebot3_msgs/msg/sound.h
[0.462s] -- Up-to-date symlink: /home/dmsai1/turtlebot3_ws/install/turtlebot3_msgs/include/turtlebot3_msgs/msg/version_info.h
[0.462s] -- Up-to-date symlink: /home/dmsai1/turtlebot3_ws/install/turtlebot3_msgs/include/turtlebot3_msgs/srv/detail/dqn__functions.h
[0.464s] -- Up-to-date symlink: /home/dmsai1/turtlebot3_ws/install/turtlebot3_msgs/include/turtlebot3_msgs/srv/detail/dqn__struct.h
[0.465s] -- Up-to-date symlink: /home/dmsai1/turtlebot3_ws/install/turtlebot3_msgs/include/turtlebot3_msgs/srv/detail/dqn__type_support.h
[0.465s] -- Up-to-date symlink: /home/dmsai1/turtlebot3_ws/install/turtlebot3_msgs/include/turtlebot3_msgs/srv/detail/sound__functions.h
[0.465s] -- Up-to-date symlink: /home/dmsai1/turtlebot3_ws/install/turtlebot3_msgs/include/turtlebot3_msgs/srv/detail/sound__struct.h
[0.465s] -- Up-to-date symlink: /home/dmsai1/turtlebot3_ws/install/turtlebot3_msgs/include/turtlebot3_msgs/srv/detail/sound__type_support.h
[0.466s] -- Up-to-date symlink: /home/dmsai1/turtlebot3_ws/install/turtlebot3_msgs/include/turtlebot3_msgs/srv/dqn.h
[0.466s] -- Up-to-date symlink: /home/dmsai1/turtlebot3_ws/install/turtlebot3_msgs/include/turtlebot3_msgs/srv/sound.h
[0.466s] -- Up-to-date symlink: /home/dmsai1/turtlebot3_ws/install/turtlebot3_msgs/share/turtlebot3_msgs/environment/library_path.sh
[0.467s] -- Up-to-date symlink: /home/dmsai1/turtlebot3_ws/install/turtlebot3_msgs/share/turtlebot3_msgs/environment/library_path.dsv
[0.467s] -- Up-to-date symlink: /home/dmsai1/turtlebot3_ws/install/turtlebot3_msgs/include/turtlebot3_msgs/action/detail/patrol__rosidl_typesupport_fastrtps_c.h
[0.467s] -- Up-to-date symlink: /home/dmsai1/turtlebot3_ws/install/turtlebot3_msgs/include/turtlebot3_msgs/msg/detail/sensor_state__rosidl_typesupport_fastrtps_c.h
[0.467s] -- Up-to-date symlink: /home/dmsai1/turtlebot3_ws/install/turtlebot3_msgs/include/turtlebot3_msgs/msg/detail/sound__rosidl_typesupport_fastrtps_c.h
[0.468s] -- Up-to-date symlink: /home/dmsai1/turtlebot3_ws/install/turtlebot3_msgs/include/turtlebot3_msgs/msg/detail/version_info__rosidl_typesupport_fastrtps_c.h
[0.468s] -- Up-to-date symlink: /home/dmsai1/turtlebot3_ws/install/turtlebot3_msgs/include/turtlebot3_msgs/msg/rosidl_typesupport_fastrtps_c__visibility_control.h
[0.468s] -- Up-to-date symlink: /home/dmsai1/turtlebot3_ws/install/turtlebot3_msgs/include/turtlebot3_msgs/srv/detail/dqn__rosidl_typesupport_fastrtps_c.h
[0.469s] -- Up-to-date symlink: /home/dmsai1/turtlebot3_ws/install/turtlebot3_msgs/include/turtlebot3_msgs/srv/detail/sound__rosidl_typesupport_fastrtps_c.h
[0.472s] -- Up-to-date symlink: /home/dmsai1/turtlebot3_ws/install/turtlebot3_msgs/lib/libturtlebot3_msgs__rosidl_typesupport_fastrtps_c.so
[0.475s] -- Up-to-date symlink: /home/dmsai1/turtlebot3_ws/install/turtlebot3_msgs/include/turtlebot3_msgs/action/detail/patrol__rosidl_typesupport_fastrtps_cpp.hpp
[0.475s] -- Up-to-date symlink: /home/dmsai1/turtlebot3_ws/install/turtlebot3_msgs/include/turtlebot3_msgs/msg/detail/sensor_state__rosidl_typesupport_fastrtps_cpp.hpp
[0.476s] -- Up-to-date symlink: /home/dmsai1/turtlebot3_ws/install/turtlebot3_msgs/include/turtlebot3_msgs/msg/detail/sound__rosidl_typesupport_fastrtps_cpp.hpp
[0.476s] -- Up-to-date symlink: /home/dmsai1/turtlebot3_ws/install/turtlebot3_msgs/include/turtlebot3_msgs/msg/detail/version_info__rosidl_typesupport_fastrtps_cpp.hpp
[0.476s] -- Up-to-date symlink: /home/dmsai1/turtlebot3_ws/install/turtlebot3_msgs/include/turtlebot3_msgs/msg/rosidl_typesupport_fastrtps_cpp__visibility_control.h
[0.476s] -- Up-to-date symlink: /home/dmsai1/turtlebot3_ws/install/turtlebot3_msgs/include/turtlebot3_msgs/srv/detail/dqn__rosidl_typesupport_fastrtps_cpp.hpp
[0.476s] -- Up-to-date symlink: /home/dmsai1/turtlebot3_ws/install/turtlebot3_msgs/include/turtlebot3_msgs/srv/detail/sound__rosidl_typesupport_fastrtps_cpp.hpp
[0.477s] -- Up-to-date symlink: /home/dmsai1/turtlebot3_ws/install/turtlebot3_msgs/lib/libturtlebot3_msgs__rosidl_typesupport_fastrtps_cpp.so
[0.477s] -- Up-to-date symlink: /home/dmsai1/turtlebot3_ws/install/turtlebot3_msgs/include/turtlebot3_msgs/action/detail/patrol__rosidl_typesupport_introspection_c.h
[0.477s] -- Up-to-date symlink: /home/dmsai1/turtlebot3_ws/install/turtlebot3_msgs/include/turtlebot3_msgs/msg/detail/sensor_state__rosidl_typesupport_introspection_c.h
[0.477s] -- Up-to-date symlink: /home/dmsai1/turtlebot3_ws/install/turtlebot3_msgs/include/turtlebot3_msgs/msg/detail/sound__rosidl_typesupport_introspection_c.h
[0.477s] -- Up-to-date symlink: /home/dmsai1/turtlebot3_ws/install/turtlebot3_msgs/include/turtlebot3_msgs/msg/detail/version_info__rosidl_typesupport_introspection_c.h
[0.477s] -- Up-to-date symlink: /home/dmsai1/turtlebot3_ws/install/turtlebot3_msgs/include/turtlebot3_msgs/msg/rosidl_typesupport_introspection_c__visibility_control.h
[0.478s] -- Up-to-date symlink: /home/dmsai1/turtlebot3_ws/install/turtlebot3_msgs/include/turtlebot3_msgs/srv/detail/dqn__rosidl_typesupport_introspection_c.h
[0.478s] -- Up-to-date symlink: /home/dmsai1/turtlebot3_ws/install/turtlebot3_msgs/include/turtlebot3_msgs/srv/detail/sound__rosidl_typesupport_introspection_c.h
[0.478s] -- Up-to-date symlink: /home/dmsai1/turtlebot3_ws/install/turtlebot3_msgs/include/turtlebot3_msgs/action/detail/patrol__builder.hpp
[0.478s] -- Up-to-date symlink: /home/dmsai1/turtlebot3_ws/install/turtlebot3_msgs/include/turtlebot3_msgs/action/detail/patrol__struct.hpp
[0.478s] -- Up-to-date symlink: /home/dmsai1/turtlebot3_ws/install/turtlebot3_msgs/include/turtlebot3_msgs/action/detail/patrol__traits.hpp
[0.478s] -- Up-to-date symlink: /home/dmsai1/turtlebot3_ws/install/turtlebot3_msgs/include/turtlebot3_msgs/action/patrol.hpp
[0.478s] -- Up-to-date symlink: /home/dmsai1/turtlebot3_ws/install/turtlebot3_msgs/include/turtlebot3_msgs/msg/detail/sensor_state__builder.hpp
[0.479s] -- Up-to-date symlink: /home/dmsai1/turtlebot3_ws/install/turtlebot3_msgs/include/turtlebot3_msgs/msg/detail/sensor_state__struct.hpp
[0.479s] -- Up-to-date symlink: /home/dmsai1/turtlebot3_ws/install/turtlebot3_msgs/include/turtlebot3_msgs/msg/detail/sensor_state__traits.hpp
[0.479s] -- Up-to-date symlink: /home/dmsai1/turtlebot3_ws/install/turtlebot3_msgs/include/turtlebot3_msgs/msg/detail/sound__builder.hpp
[0.481s] -- Up-to-date symlink: /home/dmsai1/turtlebot3_ws/install/turtlebot3_msgs/include/turtlebot3_msgs/msg/detail/sound__struct.hpp
[0.482s] -- Up-to-date symlink: /home/dmsai1/turtlebot3_ws/install/turtlebot3_msgs/include/turtlebot3_msgs/msg/detail/sound__traits.hpp
[0.482s] -- Up-to-date symlink: /home/dmsai1/turtlebot3_ws/install/turtlebot3_msgs/include/turtlebot3_msgs/msg/detail/version_info__builder.hpp
[0.482s] -- Up-to-date symlink: /home/dmsai1/turtlebot3_ws/install/turtlebot3_msgs/include/turtlebot3_msgs/msg/detail/version_info__struct.hpp
[0.482s] -- Up-to-date symlink: /home/dmsai1/turtlebot3_ws/install/turtlebot3_msgs/include/turtlebot3_msgs/msg/detail/version_info__traits.hpp
[0.482s] -- Up-to-date symlink: /home/dmsai1/turtlebot3_ws/install/turtlebot3_msgs/include/turtlebot3_msgs/msg/sensor_state.hpp
[0.483s] -- Up-to-date symlink: /home/dmsai1/turtlebot3_ws/install/turtlebot3_msgs/include/turtlebot3_msgs/msg/sound.hpp
[0.483s] -- Up-to-date symlink: /home/dmsai1/turtlebot3_ws/install/turtlebot3_msgs/include/turtlebot3_msgs/msg/version_info.hpp
[0.483s] -- Up-to-date symlink: /home/dmsai1/turtlebot3_ws/install/turtlebot3_msgs/include/turtlebot3_msgs/srv/detail/dqn__builder.hpp
[0.484s] -- Up-to-date symlink: /home/dmsai1/turtlebot3_ws/install/turtlebot3_msgs/include/turtlebot3_msgs/srv/detail/dqn__struct.hpp
[0.484s] -- Up-to-date symlink: /home/dmsai1/turtlebot3_ws/install/turtlebot3_msgs/include/turtlebot3_msgs/srv/detail/dqn__traits.hpp
[0.484s] -- Up-to-date symlink: /home/dmsai1/turtlebot3_ws/install/turtlebot3_msgs/include/turtlebot3_msgs/srv/detail/sound__builder.hpp
[0.486s] -- Up-to-date symlink: /home/dmsai1/turtlebot3_ws/install/turtlebot3_msgs/include/turtlebot3_msgs/srv/detail/sound__struct.hpp
[0.487s] -- Up-to-date symlink: /home/dmsai1/turtlebot3_ws/install/turtlebot3_msgs/include/turtlebot3_msgs/srv/detail/sound__traits.hpp
[0.487s] -- Up-to-date symlink: /home/dmsai1/turtlebot3_ws/install/turtlebot3_msgs/include/turtlebot3_msgs/srv/dqn.hpp
[0.487s] -- Up-to-date symlink: /home/dmsai1/turtlebot3_ws/install/turtlebot3_msgs/include/turtlebot3_msgs/srv/sound.hpp
[0.487s] -- Up-to-date symlink: /home/dmsai1/turtlebot3_ws/install/turtlebot3_msgs/include/turtlebot3_msgs/action/detail/patrol__rosidl_typesupport_introspection_cpp.hpp
[0.488s] -- Up-to-date symlink: /home/dmsai1/turtlebot3_ws/install/turtlebot3_msgs/include/turtlebot3_msgs/msg/detail/sensor_state__rosidl_typesupport_introspection_cpp.hpp
[0.488s] -- Up-to-date symlink: /home/dmsai1/turtlebot3_ws/install/turtlebot3_msgs/include/turtlebot3_msgs/msg/detail/sound__rosidl_typesupport_introspection_cpp.hpp
[0.488s] -- Up-to-date symlink: /home/dmsai1/turtlebot3_ws/install/turtlebot3_msgs/include/turtlebot3_msgs/msg/detail/version_info__rosidl_typesupport_introspection_cpp.hpp
[0.488s] -- Up-to-date symlink: /home/dmsai1/turtlebot3_ws/install/turtlebot3_msgs/include/turtlebot3_msgs/srv/detail/dqn__rosidl_typesupport_introspection_cpp.hpp
[0.489s] -- Up-to-date symlink: /home/dmsai1/turtlebot3_ws/install/turtlebot3_msgs/include/turtlebot3_msgs/srv/detail/sound__rosidl_typesupport_introspection_cpp.hpp
[0.490s] -- Up-to-date symlink: /home/dmsai1/turtlebot3_ws/install/turtlebot3_msgs/share/turtlebot3_msgs/environment/pythonpath.sh
[0.491s] -- Up-to-date symlink: /home/dmsai1/turtlebot3_ws/install/turtlebot3_msgs/share/turtlebot3_msgs/environment/pythonpath.dsv
[0.491s] -- Up-to-date symlink: /home/dmsai1/turtlebot3_ws/install/turtlebot3_msgs/lib/python3.8/site-packages/turtlebot3_msgs/__init__.py
[0.491s] -- Up-to-date symlink: /home/dmsai1/turtlebot3_ws/install/turtlebot3_msgs/lib/python3.8/site-packages/turtlebot3_msgs/msg/__init__.py
[0.491s] -- Up-to-date symlink: /home/dmsai1/turtlebot3_ws/install/turtlebot3_msgs/lib/python3.8/site-packages/turtlebot3_msgs/msg/_sensor_state.py
[0.491s] -- Up-to-date symlink: /home/dmsai1/turtlebot3_ws/install/turtlebot3_msgs/lib/python3.8/site-packages/turtlebot3_msgs/msg/_sound.py
[0.492s] -- Up-to-date symlink: /home/dmsai1/turtlebot3_ws/install/turtlebot3_msgs/lib/python3.8/site-packages/turtlebot3_msgs/msg/_version_info.py
[0.492s] -- Up-to-date symlink: /home/dmsai1/turtlebot3_ws/install/turtlebot3_msgs/lib/python3.8/site-packages/turtlebot3_msgs/srv/__init__.py
[0.492s] -- Up-to-date symlink: /home/dmsai1/turtlebot3_ws/install/turtlebot3_msgs/lib/python3.8/site-packages/turtlebot3_msgs/srv/_dqn.py
[0.493s] -- Up-to-date symlink: /home/dmsai1/turtlebot3_ws/install/turtlebot3_msgs/lib/python3.8/site-packages/turtlebot3_msgs/srv/_sound.py
[0.493s] -- Up-to-date symlink: /home/dmsai1/turtlebot3_ws/install/turtlebot3_msgs/lib/python3.8/site-packages/turtlebot3_msgs/action/__init__.py
[0.493s] -- Up-to-date symlink: /home/dmsai1/turtlebot3_ws/install/turtlebot3_msgs/lib/python3.8/site-packages/turtlebot3_msgs/action/_patrol.py
[0.493s] -- Up-to-date symlink: /home/dmsai1/turtlebot3_ws/install/turtlebot3_msgs/lib/python3.8/site-packages/turtlebot3_msgs/turtlebot3_msgs_s__rosidl_typesupport_fastrtps_c.cpython-38-x86_64-linux-gnu.so
[0.494s] -- Up-to-date symlink: /home/dmsai1/turtlebot3_ws/install/turtlebot3_msgs/lib/python3.8/site-packages/turtlebot3_msgs/turtlebot3_msgs_s__rosidl_typesupport_introspection_c.cpython-38-x86_64-linux-gnu.so
[0.494s] -- Up-to-date symlink: /home/dmsai1/turtlebot3_ws/install/turtlebot3_msgs/lib/python3.8/site-packages/turtlebot3_msgs/turtlebot3_msgs_s__rosidl_typesupport_c.cpython-38-x86_64-linux-gnu.so
[0.494s] -- Up-to-date symlink: /home/dmsai1/turtlebot3_ws/install/turtlebot3_msgs/lib/libturtlebot3_msgs__python.so
[0.495s] -- Up-to-date symlink: /home/dmsai1/turtlebot3_ws/install/turtlebot3_msgs/share/turtlebot3_msgs/msg/SensorState.idl
[0.496s] -- Up-to-date symlink: /home/dmsai1/turtlebot3_ws/install/turtlebot3_msgs/share/turtlebot3_msgs/msg/Sound.idl
[0.496s] -- Up-to-date symlink: /home/dmsai1/turtlebot3_ws/install/turtlebot3_msgs/share/turtlebot3_msgs/msg/VersionInfo.idl
[0.496s] -- Up-to-date symlink: /home/dmsai1/turtlebot3_ws/install/turtlebot3_msgs/share/turtlebot3_msgs/srv/Sound.idl
[0.498s] -- Up-to-date symlink: /home/dmsai1/turtlebot3_ws/install/turtlebot3_msgs/share/turtlebot3_msgs/srv/Dqn.idl
[0.498s] -- Up-to-date symlink: /home/dmsai1/turtlebot3_ws/install/turtlebot3_msgs/share/turtlebot3_msgs/action/Patrol.idl
[0.498s] -- Up-to-date symlink: /home/dmsai1/turtlebot3_ws/install/turtlebot3_msgs/share/turtlebot3_msgs/msg/SensorState.msg
[0.499s] -- Up-to-date symlink: /home/dmsai1/turtlebot3_ws/install/turtlebot3_msgs/share/turtlebot3_msgs/msg/Sound.msg
[0.499s] -- Up-to-date symlink: /home/dmsai1/turtlebot3_ws/install/turtlebot3_msgs/share/turtlebot3_msgs/msg/VersionInfo.msg
[0.502s] -- Up-to-date symlink: /home/dmsai1/turtlebot3_ws/install/turtlebot3_msgs/share/turtlebot3_msgs/srv/Sound.srv
[0.502s] -- Up-to-date symlink: /home/dmsai1/turtlebot3_ws/install/turtlebot3_msgs/share/turtlebot3_msgs/srv/Sound_Request.msg
[0.503s] -- Up-to-date symlink: /home/dmsai1/turtlebot3_ws/install/turtlebot3_msgs/share/turtlebot3_msgs/srv/Sound_Response.msg
[0.503s] -- Up-to-date symlink: /home/dmsai1/turtlebot3_ws/install/turtlebot3_msgs/share/turtlebot3_msgs/srv/Dqn.srv
[0.503s] -- Up-to-date symlink: /home/dmsai1/turtlebot3_ws/install/turtlebot3_msgs/share/turtlebot3_msgs/srv/Dqn_Request.msg
[0.503s] -- Up-to-date symlink: /home/dmsai1/turtlebot3_ws/install/turtlebot3_msgs/share/turtlebot3_msgs/srv/Dqn_Response.msg
[0.503s] -- Up-to-date symlink: /home/dmsai1/turtlebot3_ws/install/turtlebot3_msgs/share/turtlebot3_msgs/action/Patrol.action
[0.503s] -- Up-to-date symlink: /home/dmsai1/turtlebot3_ws/install/turtlebot3_msgs/share/ament_index/resource_index/package_run_dependencies/turtlebot3_msgs
[0.504s] -- Up-to-date symlink: /home/dmsai1/turtlebot3_ws/install/turtlebot3_msgs/share/ament_index/resource_index/parent_prefix_path/turtlebot3_msgs
[0.504s] -- Up-to-date symlink: /home/dmsai1/turtlebot3_ws/install/turtlebot3_msgs/share/turtlebot3_msgs/environment/ament_prefix_path.sh
[0.504s] -- Up-to-date symlink: /home/dmsai1/turtlebot3_ws/install/turtlebot3_msgs/share/turtlebot3_msgs/environment/ament_prefix_path.dsv
[0.504s] -- Up-to-date symlink: /home/dmsai1/turtlebot3_ws/install/turtlebot3_msgs/share/turtlebot3_msgs/environment/path.sh
[0.504s] -- Up-to-date symlink: /home/dmsai1/turtlebot3_ws/install/turtlebot3_msgs/share/turtlebot3_msgs/environment/path.dsv
[0.504s] -- Up-to-date symlink: /home/dmsai1/turtlebot3_ws/install/turtlebot3_msgs/share/turtlebot3_msgs/local_setup.bash
[0.505s] -- Up-to-date symlink: /home/dmsai1/turtlebot3_ws/install/turtlebot3_msgs/share/turtlebot3_msgs/local_setup.sh
[0.505s] -- Up-to-date symlink: /home/dmsai1/turtlebot3_ws/install/turtlebot3_msgs/share/turtlebot3_msgs/local_setup.zsh
[0.505s] -- Up-to-date symlink: /home/dmsai1/turtlebot3_ws/install/turtlebot3_msgs/share/turtlebot3_msgs/local_setup.dsv
[0.505s] -- Symlinking: /home/dmsai1/turtlebot3_ws/install/turtlebot3_msgs/share/turtlebot3_msgs/package.dsv
[0.505s] -- Up-to-date symlink: /home/dmsai1/turtlebot3_ws/install/turtlebot3_msgs/share/ament_index/resource_index/packages/turtlebot3_msgs
[0.505s] -- Up-to-date symlink: /home/dmsai1/turtlebot3_ws/install/turtlebot3_msgs/share/turtlebot3_msgs/cmake/rosidl_cmake-extras.cmake
[0.507s] -- Up-to-date symlink: /home/dmsai1/turtlebot3_ws/install/turtlebot3_msgs/share/turtlebot3_msgs/cmake/ament_cmake_export_dependencies-extras.cmake
[0.507s] -- Up-to-date symlink: /home/dmsai1/turtlebot3_ws/install/turtlebot3_msgs/share/turtlebot3_msgs/cmake/ament_cmake_export_libraries-extras.cmake
[0.508s] -- Up-to-date symlink: /home/dmsai1/turtlebot3_ws/install/turtlebot3_msgs/share/turtlebot3_msgs/cmake/ament_cmake_export_targets-extras.cmake
[0.508s] -- Up-to-date symlink: /home/dmsai1/turtlebot3_ws/install/turtlebot3_msgs/share/turtlebot3_msgs/cmake/ament_cmake_export_include_directories-extras.cmake
[0.508s] -- Up-to-date symlink: /home/dmsai1/turtlebot3_ws/install/turtlebot3_msgs/share/turtlebot3_msgs/cmake/rosidl_cmake_export_typesupport_libraries-extras.cmake
[0.508s] -- Up-to-date symlink: /home/dmsai1/turtlebot3_ws/install/turtlebot3_msgs/share/turtlebot3_msgs/cmake/rosidl_cmake_export_typesupport_targets-extras.cmake
[0.509s] -- Up-to-date symlink: /home/dmsai1/turtlebot3_ws/install/turtlebot3_msgs/share/turtlebot3_msgs/cmake/turtlebot3_msgsConfig.cmake
[0.509s] -- Up-to-date symlink: /home/dmsai1/turtlebot3_ws/install/turtlebot3_msgs/share/turtlebot3_msgs/cmake/turtlebot3_msgsConfig-version.cmake
[0.510s] -- Up-to-date symlink: /home/dmsai1/turtlebot3_ws/install/turtlebot3_msgs/share/turtlebot3_msgs/package.xml
[0.511s] -- Up-to-date: /home/dmsai1/turtlebot3_ws/install/turtlebot3_msgs/lib/libturtlebot3_msgs__rosidl_generator_c.so
[0.511s] -- Up-to-date: /home/dmsai1/turtlebot3_ws/install/turtlebot3_msgs/lib/libturtlebot3_msgs__rosidl_typesupport_introspection_c.so
[0.511s] -- Up-to-date: /home/dmsai1/turtlebot3_ws/install/turtlebot3_msgs/lib/libturtlebot3_msgs__rosidl_typesupport_c.so
[0.511s] -- Up-to-date: /home/dmsai1/turtlebot3_ws/install/turtlebot3_msgs/lib/libturtlebot3_msgs__rosidl_typesupport_introspection_cpp.so
[0.511s] -- Up-to-date: /home/dmsai1/turtlebot3_ws/install/turtlebot3_msgs/lib/libturtlebot3_msgs__rosidl_typesupport_cpp.so
[0.519s] -- Up-to-date: /home/dmsai1/turtlebot3_ws/install/turtlebot3_msgs/share/turtlebot3_msgs/cmake/turtlebot3_msgs__rosidl_generator_cExport.cmake
[0.519s] -- Up-to-date: /home/dmsai1/turtlebot3_ws/install/turtlebot3_msgs/share/turtlebot3_msgs/cmake/turtlebot3_msgs__rosidl_generator_cExport-noconfig.cmake
[0.519s] -- Up-to-date: /home/dmsai1/turtlebot3_ws/install/turtlebot3_msgs/share/turtlebot3_msgs/cmake/turtlebot3_msgs__rosidl_typesupport_introspection_cExport.cmake
[0.520s] -- Up-to-date: /home/dmsai1/turtlebot3_ws/install/turtlebot3_msgs/share/turtlebot3_msgs/cmake/turtlebot3_msgs__rosidl_typesupport_introspection_cExport-noconfig.cmake
[0.520s] -- Up-to-date: /home/dmsai1/turtlebot3_ws/install/turtlebot3_msgs/share/turtlebot3_msgs/cmake/turtlebot3_msgs__rosidl_typesupport_cExport.cmake
[0.520s] -- Up-to-date: /home/dmsai1/turtlebot3_ws/install/turtlebot3_msgs/share/turtlebot3_msgs/cmake/turtlebot3_msgs__rosidl_typesupport_cExport-noconfig.cmake
[0.520s] -- Up-to-date: /home/dmsai1/turtlebot3_ws/install/turtlebot3_msgs/share/turtlebot3_msgs/cmake/turtlebot3_msgs__rosidl_generator_cppExport.cmake
[0.520s] -- Up-to-date: /home/dmsai1/turtlebot3_ws/install/turtlebot3_msgs/share/turtlebot3_msgs/cmake/turtlebot3_msgs__rosidl_typesupport_introspection_cppExport.cmake
[0.520s] -- Up-to-date: /home/dmsai1/turtlebot3_ws/install/turtlebot3_msgs/share/turtlebot3_msgs/cmake/turtlebot3_msgs__rosidl_typesupport_introspection_cppExport-noconfig.cmake
[0.520s] -- Up-to-date: /home/dmsai1/turtlebot3_ws/install/turtlebot3_msgs/share/turtlebot3_msgs/cmake/turtlebot3_msgs__rosidl_typesupport_cppExport.cmake
[0.520s] -- Up-to-date: /home/dmsai1/turtlebot3_ws/install/turtlebot3_msgs/share/turtlebot3_msgs/cmake/turtlebot3_msgs__rosidl_typesupport_cppExport-noconfig.cmake
[0.526s] Invoked command in '/home/dmsai1/turtlebot3_ws/build/turtlebot3_msgs' returned '0': CMAKE_PREFIX_PATH=${CMAKE_PREFIX_PATH}:/home/dmsai1/turtlebot3_ws/install/turtlebot3_teleop:/home/dmsai1/turtlebot3_ws/install/turtlebot3_example:/home/dmsai1/turtlebot3_ws/install/turtlebot3_dqn:/opt/ros/foxy CONDA_PROMPT_MODIFIER=(turtlebotdrl) /usr/bin/cmake --install /home/dmsai1/turtlebot3_ws/build/turtlebot3_msgs
