[0.850s] Invoking command in '/home/dmsai1/turtlebot3_ws/build/turtlebot3_fake_node': CMAKE_PREFIX_PATH=/home/dmsai1/turtlebot3_ws/install/turtlebot3_msgs:/home/dmsai1/turtlebot3_ws/install/turtlebot3:/home/dmsai1/turtlebot3_ws/install/turtlebot3_simulations:/home/dmsai1/turtlebot3_ws/install/turtlebot3_bringup:/home/dmsai1/turtlebot3_ws/install/turtlebot3_node:/home/dmsai1/turtlebot3_ws/install/turtlebot3_navigation2:/home/dmsai1/turtlebot3_ws/install/turtlebot3_machine_learning:/home/dmsai1/turtlebot3_ws/install/turtlebot3_fake_node:/home/dmsai1/turtlebot3_ws/install/turtlebot3_gazebo:/home/dmsai1/turtlebot3_ws/install/turtlebot3_description:/home/dmsai1/turtlebot3_ws/install/turtlebot3_cartographer:/home/dmsai1/turtlebot3_ws/install/dynamixel_sdk_examples:/home/dmsai1/turtlebot3_ws/install/dynamixel_sdk_custom_interfaces:/home/dmsai1/turtlebot3_ws/install/dynamixel_sdk:/home/dmsai1/turtlebot3_ws/install/turtlebot3_teleop:/home/dmsai1/turtlebot3_ws/install/turtlebot3_example:/home/dmsai1/turtlebot3_ws/install/turtlebot3_dqn:/opt/ros/foxy LD_LIBRARY_PATH=/home/dmsai1/turtlebot3_ws/install/turtlebot3_msgs/lib:/home/dmsai1/turtlebot3_ws/install/dynamixel_sdk_custom_interfaces/lib:/home/dmsai1/turtlebot3_ws/install/dynamixel_sdk/lib:/usr/lib/x86_64-linux-gnu/gazebo-11/plugins:/opt/ros/foxy/opt/yaml_cpp_vendor/lib:/opt/ros/foxy/opt/rviz_ogre_vendor/lib:/opt/ros/foxy/lib/x86_64-linux-gnu:/opt/ros/foxy/lib:/usr/local/cuda-11.1/lib64 PYTHONPATH=/home/dmsai1/turtlebot3_ws/install/turtlebot3_msgs/lib/python3.8/site-packages:/home/dmsai1/turtlebot3_ws/build/turtlebot3_teleop:/home/dmsai1/turtlebot3_ws/install/turtlebot3_teleop/lib/python3.8/site-packages:/home/dmsai1/turtlebot3_ws/build/turtlebot3_example:/home/dmsai1/turtlebot3_ws/install/turtlebot3_example/lib/python3.8/site-packages:/home/dmsai1/turtlebot3_ws/build/turtlebot3_dqn:/home/dmsai1/turtlebot3_ws/install/turtlebot3_dqn/lib/python3.8/site-packages:/home/dmsai1/turtlebot3_ws/install/dynamixel_sdk_custom_interfaces/lib/python3.8/site-packages:/opt/ros/foxy/lib/python3.8/site-packages /usr/bin/cmake --build /home/dmsai1/turtlebot3_ws/build/turtlebot3_fake_node -- -j12 -l12
[0.874s] -- Found ament_cmake: 0.9.11 (/opt/ros/foxy/share/ament_cmake/cmake)
[0.942s] -- Using PYTHON_EXECUTABLE: /usr/bin/python3
[1.202s] -- Override CMake install command with custom implementation using symlinks instead of copying resources
[1.212s] -- Found geometry_msgs: 2.0.5 (/opt/ros/foxy/share/geometry_msgs/cmake)
[1.258s] -- Using all available rosidl_typesupport_c: rosidl_typesupport_fastrtps_c;rosidl_typesupport_introspection_c
[1.265s] -- Found rosidl_adapter: 1.3.0 (/opt/ros/foxy/share/rosidl_adapter/cmake)
[1.501s] -- Using all available rosidl_typesupport_cpp: rosidl_typesupport_fastrtps_cpp;rosidl_typesupport_introspection_cpp
[1.616s] -- Found nav_msgs: 2.0.5 (/opt/ros/foxy/share/nav_msgs/cmake)
[1.741s] -- Found rclcpp: 2.4.2 (/opt/ros/foxy/share/rclcpp/cmake)
[1.790s] -- Found rmw_implementation_cmake: 1.0.3 (/opt/ros/foxy/share/rmw_implementation_cmake/cmake)
[1.796s] -- Using RMW implementation 'rmw_fastrtps_cpp' as default
[1.988s] -- Found sensor_msgs: 2.0.5 (/opt/ros/foxy/share/sensor_msgs/cmake)
[2.096s] -- Found tf2: 0.13.13 (/opt/ros/foxy/share/tf2/cmake)
[2.113s] -- Found tf2_msgs: 0.13.13 (/opt/ros/foxy/share/tf2_msgs/cmake)
[2.410s] -- Found turtlebot3_msgs: 2.2.1 (/home/dmsai1/turtlebot3_ws/install/turtlebot3_msgs/share/turtlebot3_msgs/cmake)
[2.718s] -- Configuring done
[2.733s] -- Generating done
[2.736s] -- Build files have been written to: /home/dmsai1/turtlebot3_ws/build/turtlebot3_fake_node
[2.793s] [35m[1mScanning dependencies of target turtlebot3_fake_node[0m
[2.849s] [ 50%] [32mBuilding CXX object CMakeFiles/turtlebot3_fake_node.dir/src/turtlebot3_fake_node.cpp.o[0m
[12.915s] [100%] [32m[1mLinking CXX executable turtlebot3_fake_node[0m
[13.605s] [100%] Built target turtlebot3_fake_node
[13.622s] Invoked command in '/home/dmsai1/turtlebot3_ws/build/turtlebot3_fake_node' returned '0': CMAKE_PREFIX_PATH=/home/dmsai1/turtlebot3_ws/install/turtlebot3_msgs:/home/dmsai1/turtlebot3_ws/install/turtlebot3:/home/dmsai1/turtlebot3_ws/install/turtlebot3_simulations:/home/dmsai1/turtlebot3_ws/install/turtlebot3_bringup:/home/dmsai1/turtlebot3_ws/install/turtlebot3_node:/home/dmsai1/turtlebot3_ws/install/turtlebot3_navigation2:/home/dmsai1/turtlebot3_ws/install/turtlebot3_machine_learning:/home/dmsai1/turtlebot3_ws/install/turtlebot3_fake_node:/home/dmsai1/turtlebot3_ws/install/turtlebot3_gazebo:/home/dmsai1/turtlebot3_ws/install/turtlebot3_description:/home/dmsai1/turtlebot3_ws/install/turtlebot3_cartographer:/home/dmsai1/turtlebot3_ws/install/dynamixel_sdk_examples:/home/dmsai1/turtlebot3_ws/install/dynamixel_sdk_custom_interfaces:/home/dmsai1/turtlebot3_ws/install/dynamixel_sdk:/home/dmsai1/turtlebot3_ws/install/turtlebot3_teleop:/home/dmsai1/turtlebot3_ws/install/turtlebot3_example:/home/dmsai1/turtlebot3_ws/install/turtlebot3_dqn:/opt/ros/foxy LD_LIBRARY_PATH=/home/dmsai1/turtlebot3_ws/install/turtlebot3_msgs/lib:/home/dmsai1/turtlebot3_ws/install/dynamixel_sdk_custom_interfaces/lib:/home/dmsai1/turtlebot3_ws/install/dynamixel_sdk/lib:/usr/lib/x86_64-linux-gnu/gazebo-11/plugins:/opt/ros/foxy/opt/yaml_cpp_vendor/lib:/opt/ros/foxy/opt/rviz_ogre_vendor/lib:/opt/ros/foxy/lib/x86_64-linux-gnu:/opt/ros/foxy/lib:/usr/local/cuda-11.1/lib64 PYTHONPATH=/home/dmsai1/turtlebot3_ws/install/turtlebot3_msgs/lib/python3.8/site-packages:/home/dmsai1/turtlebot3_ws/build/turtlebot3_teleop:/home/dmsai1/turtlebot3_ws/install/turtlebot3_teleop/lib/python3.8/site-packages:/home/dmsai1/turtlebot3_ws/build/turtlebot3_example:/home/dmsai1/turtlebot3_ws/install/turtlebot3_example/lib/python3.8/site-packages:/home/dmsai1/turtlebot3_ws/build/turtlebot3_dqn:/home/dmsai1/turtlebot3_ws/install/turtlebot3_dqn/lib/python3.8/site-packages:/home/dmsai1/turtlebot3_ws/install/dynamixel_sdk_custom_interfaces/lib/python3.8/site-packages:/opt/ros/foxy/lib/python3.8/site-packages /usr/bin/cmake --build /home/dmsai1/turtlebot3_ws/build/turtlebot3_fake_node -- -j12 -l12
[13.705s] Invoking command in '/home/dmsai1/turtlebot3_ws/build/turtlebot3_fake_node': CMAKE_PREFIX_PATH=/home/dmsai1/turtlebot3_ws/install/turtlebot3_msgs:/home/dmsai1/turtlebot3_ws/install/turtlebot3:/home/dmsai1/turtlebot3_ws/install/turtlebot3_simulations:/home/dmsai1/turtlebot3_ws/install/turtlebot3_bringup:/home/dmsai1/turtlebot3_ws/install/turtlebot3_node:/home/dmsai1/turtlebot3_ws/install/turtlebot3_navigation2:/home/dmsai1/turtlebot3_ws/install/turtlebot3_machine_learning:/home/dmsai1/turtlebot3_ws/install/turtlebot3_fake_node:/home/dmsai1/turtlebot3_ws/install/turtlebot3_gazebo:/home/dmsai1/turtlebot3_ws/install/turtlebot3_description:/home/dmsai1/turtlebot3_ws/install/turtlebot3_cartographer:/home/dmsai1/turtlebot3_ws/install/dynamixel_sdk_examples:/home/dmsai1/turtlebot3_ws/install/dynamixel_sdk_custom_interfaces:/home/dmsai1/turtlebot3_ws/install/dynamixel_sdk:/home/dmsai1/turtlebot3_ws/install/turtlebot3_teleop:/home/dmsai1/turtlebot3_ws/install/turtlebot3_example:/home/dmsai1/turtlebot3_ws/install/turtlebot3_dqn:/opt/ros/foxy LD_LIBRARY_PATH=/home/dmsai1/turtlebot3_ws/install/turtlebot3_msgs/lib:/home/dmsai1/turtlebot3_ws/install/dynamixel_sdk_custom_interfaces/lib:/home/dmsai1/turtlebot3_ws/install/dynamixel_sdk/lib:/usr/lib/x86_64-linux-gnu/gazebo-11/plugins:/opt/ros/foxy/opt/yaml_cpp_vendor/lib:/opt/ros/foxy/opt/rviz_ogre_vendor/lib:/opt/ros/foxy/lib/x86_64-linux-gnu:/opt/ros/foxy/lib:/usr/local/cuda-11.1/lib64 PYTHONPATH=/home/dmsai1/turtlebot3_ws/install/turtlebot3_msgs/lib/python3.8/site-packages:/home/dmsai1/turtlebot3_ws/build/turtlebot3_teleop:/home/dmsai1/turtlebot3_ws/install/turtlebot3_teleop/lib/python3.8/site-packages:/home/dmsai1/turtlebot3_ws/build/turtlebot3_example:/home/dmsai1/turtlebot3_ws/install/turtlebot3_example/lib/python3.8/site-packages:/home/dmsai1/turtlebot3_ws/build/turtlebot3_dqn:/home/dmsai1/turtlebot3_ws/install/turtlebot3_dqn/lib/python3.8/site-packages:/home/dmsai1/turtlebot3_ws/install/dynamixel_sdk_custom_interfaces/lib/python3.8/site-packages:/opt/ros/foxy/lib/python3.8/site-packages /usr/bin/cmake --install /home/dmsai1/turtlebot3_ws/build/turtlebot3_fake_node
[13.725s] -- Install configuration: ""
[13.725s] -- Execute custom install script
[13.725s] -- Up-to-date symlink: /home/dmsai1/turtlebot3_ws/install/turtlebot3_fake_node/lib/turtlebot3_fake_node/turtlebot3_fake_node
[13.726s] -- Up-to-date symlink: /home/dmsai1/turtlebot3_ws/install/turtlebot3_fake_node/share/turtlebot3_fake_node/launch/rviz2.launch.py
[13.726s] -- Up-to-date symlink: /home/dmsai1/turtlebot3_ws/install/turtlebot3_fake_node/share/turtlebot3_fake_node/launch/turtlebot3_fake_node.launch.py
[13.726s] -- Up-to-date symlink: /home/dmsai1/turtlebot3_ws/install/turtlebot3_fake_node/share/turtlebot3_fake_node/param/burger.yaml
[13.726s] -- Up-to-date symlink: /home/dmsai1/turtlebot3_ws/install/turtlebot3_fake_node/share/turtlebot3_fake_node/param/waffle.yaml
[13.726s] -- Up-to-date symlink: /home/dmsai1/turtlebot3_ws/install/turtlebot3_fake_node/share/turtlebot3_fake_node/param/waffle_pi.yaml
[13.726s] -- Up-to-date symlink: /home/dmsai1/turtlebot3_ws/install/turtlebot3_fake_node/share/turtlebot3_fake_node/rviz/model.rviz
[13.726s] -- Up-to-date symlink: /home/dmsai1/turtlebot3_ws/install/turtlebot3_fake_node/include//turtlebot3_fake_node/turtlebot3_fake_node.hpp
[13.727s] -- Up-to-date symlink: /home/dmsai1/turtlebot3_ws/install/turtlebot3_fake_node/share/ament_index/resource_index/package_run_dependencies/turtlebot3_fake_node
[13.727s] -- Up-to-date symlink: /home/dmsai1/turtlebot3_ws/install/turtlebot3_fake_node/share/ament_index/resource_index/parent_prefix_path/turtlebot3_fake_node
[13.728s] -- Up-to-date symlink: /home/dmsai1/turtlebot3_ws/install/turtlebot3_fake_node/share/turtlebot3_fake_node/environment/ament_prefix_path.sh
[13.728s] -- Up-to-date symlink: /home/dmsai1/turtlebot3_ws/install/turtlebot3_fake_node/share/turtlebot3_fake_node/environment/ament_prefix_path.dsv
[13.728s] -- Up-to-date symlink: /home/dmsai1/turtlebot3_ws/install/turtlebot3_fake_node/share/turtlebot3_fake_node/environment/path.sh
[13.729s] -- Up-to-date symlink: /home/dmsai1/turtlebot3_ws/install/turtlebot3_fake_node/share/turtlebot3_fake_node/environment/path.dsv
[13.729s] -- Up-to-date symlink: /home/dmsai1/turtlebot3_ws/install/turtlebot3_fake_node/share/turtlebot3_fake_node/local_setup.bash
[13.729s] -- Up-to-date symlink: /home/dmsai1/turtlebot3_ws/install/turtlebot3_fake_node/share/turtlebot3_fake_node/local_setup.sh
[13.730s] -- Up-to-date symlink: /home/dmsai1/turtlebot3_ws/install/turtlebot3_fake_node/share/turtlebot3_fake_node/local_setup.zsh
[13.730s] -- Up-to-date symlink: /home/dmsai1/turtlebot3_ws/install/turtlebot3_fake_node/share/turtlebot3_fake_node/local_setup.dsv
[13.730s] -- Symlinking: /home/dmsai1/turtlebot3_ws/install/turtlebot3_fake_node/share/turtlebot3_fake_node/package.dsv
[13.745s] -- Up-to-date symlink: /home/dmsai1/turtlebot3_ws/install/turtlebot3_fake_node/share/ament_index/resource_index/packages/turtlebot3_fake_node
[13.749s] -- Up-to-date symlink: /home/dmsai1/turtlebot3_ws/install/turtlebot3_fake_node/share/turtlebot3_fake_node/cmake/ament_cmake_export_include_directories-extras.cmake
[13.749s] -- Up-to-date symlink: /home/dmsai1/turtlebot3_ws/install/turtlebot3_fake_node/share/turtlebot3_fake_node/cmake/ament_cmake_export_dependencies-extras.cmake
[13.749s] -- Up-to-date symlink: /home/dmsai1/turtlebot3_ws/install/turtlebot3_fake_node/share/turtlebot3_fake_node/cmake/turtlebot3_fake_nodeConfig.cmake
[13.750s] -- Up-to-date symlink: /home/dmsai1/turtlebot3_ws/install/turtlebot3_fake_node/share/turtlebot3_fake_node/cmake/turtlebot3_fake_nodeConfig-version.cmake
[13.750s] -- Up-to-date symlink: /home/dmsai1/turtlebot3_ws/install/turtlebot3_fake_node/share/turtlebot3_fake_node/package.xml
[13.755s] Invoked command in '/home/dmsai1/turtlebot3_ws/build/turtlebot3_fake_node' returned '0': CMAKE_PREFIX_PATH=/home/dmsai1/turtlebot3_ws/install/turtlebot3_msgs:/home/dmsai1/turtlebot3_ws/install/turtlebot3:/home/dmsai1/turtlebot3_ws/install/turtlebot3_simulations:/home/dmsai1/turtlebot3_ws/install/turtlebot3_bringup:/home/dmsai1/turtlebot3_ws/install/turtlebot3_node:/home/dmsai1/turtlebot3_ws/install/turtlebot3_navigation2:/home/dmsai1/turtlebot3_ws/install/turtlebot3_machine_learning:/home/dmsai1/turtlebot3_ws/install/turtlebot3_fake_node:/home/dmsai1/turtlebot3_ws/install/turtlebot3_gazebo:/home/dmsai1/turtlebot3_ws/install/turtlebot3_description:/home/dmsai1/turtlebot3_ws/install/turtlebot3_cartographer:/home/dmsai1/turtlebot3_ws/install/dynamixel_sdk_examples:/home/dmsai1/turtlebot3_ws/install/dynamixel_sdk_custom_interfaces:/home/dmsai1/turtlebot3_ws/install/dynamixel_sdk:/home/dmsai1/turtlebot3_ws/install/turtlebot3_teleop:/home/dmsai1/turtlebot3_ws/install/turtlebot3_example:/home/dmsai1/turtlebot3_ws/install/turtlebot3_dqn:/opt/ros/foxy LD_LIBRARY_PATH=/home/dmsai1/turtlebot3_ws/install/turtlebot3_msgs/lib:/home/dmsai1/turtlebot3_ws/install/dynamixel_sdk_custom_interfaces/lib:/home/dmsai1/turtlebot3_ws/install/dynamixel_sdk/lib:/usr/lib/x86_64-linux-gnu/gazebo-11/plugins:/opt/ros/foxy/opt/yaml_cpp_vendor/lib:/opt/ros/foxy/opt/rviz_ogre_vendor/lib:/opt/ros/foxy/lib/x86_64-linux-gnu:/opt/ros/foxy/lib:/usr/local/cuda-11.1/lib64 PYTHONPATH=/home/dmsai1/turtlebot3_ws/install/turtlebot3_msgs/lib/python3.8/site-packages:/home/dmsai1/turtlebot3_ws/build/turtlebot3_teleop:/home/dmsai1/turtlebot3_ws/install/turtlebot3_teleop/lib/python3.8/site-packages:/home/dmsai1/turtlebot3_ws/build/turtlebot3_example:/home/dmsai1/turtlebot3_ws/install/turtlebot3_example/lib/python3.8/site-packages:/home/dmsai1/turtlebot3_ws/build/turtlebot3_dqn:/home/dmsai1/turtlebot3_ws/install/turtlebot3_dqn/lib/python3.8/site-packages:/home/dmsai1/turtlebot3_ws/install/dynamixel_sdk_custom_interfaces/lib/python3.8/site-packages:/opt/ros/foxy/lib/python3.8/site-packages /usr/bin/cmake --install /home/dmsai1/turtlebot3_ws/build/turtlebot3_fake_node
