[0.041s] Invoking command in '/home/dmsai1/turtlebot3_ws/build/turtlebot3_cartographer': CMAKE_PREFIX_PATH=${CMAKE_PREFIX_PATH}:/home/dmsai1/turtlebot3_ws/install/turtlebot3_teleop:/home/dmsai1/turtlebot3_ws/install/turtlebot3_example:/opt/ros/foxy CONDA_PROMPT_MODIFIER=(turtlebotdrl) /usr/bin/cmake --build /home/dmsai1/turtlebot3_ws/build/turtlebot3_cartographer -- -j12 -l12
[0.271s] Invoked command in '/home/dmsai1/turtlebot3_ws/build/turtlebot3_cartographer' returned '0': CMAKE_PREFIX_PATH=${CMAKE_PREFIX_PATH}:/home/dmsai1/turtlebot3_ws/install/turtlebot3_teleop:/home/dmsai1/turtlebot3_ws/install/turtlebot3_example:/opt/ros/foxy CONDA_PROMPT_MODIFIER=(turtlebotdrl) /usr/bin/cmake --build /home/dmsai1/turtlebot3_ws/build/turtlebot3_cartographer -- -j12 -l12
[0.300s] Invoking command in '/home/dmsai1/turtlebot3_ws/build/turtlebot3_cartographer': CMAKE_PREFIX_PATH=${CMAKE_PREFIX_PATH}:/home/dmsai1/turtlebot3_ws/install/turtlebot3_teleop:/home/dmsai1/turtlebot3_ws/install/turtlebot3_example:/opt/ros/foxy CONDA_PROMPT_MODIFIER=(turtlebotdrl) /usr/bin/cmake --install /home/dmsai1/turtlebot3_ws/build/turtlebot3_cartographer
[0.311s] -- Install configuration: ""
[0.312s] -- Execute custom install script
[0.313s] -- Up-to-date symlink: /home/dmsai1/turtlebot3_ws/install/turtlebot3_cartographer/share/turtlebot3_cartographer/config/turtlebot3_lds_2d.lua
[0.313s] -- Up-to-date symlink: /home/dmsai1/turtlebot3_ws/install/turtlebot3_cartographer/share/turtlebot3_cartographer/launch/cartographer.launch.py
[0.314s] -- Up-to-date symlink: /home/dmsai1/turtlebot3_ws/install/turtlebot3_cartographer/share/turtlebot3_cartographer/launch/occupancy_grid.launch.py
[0.314s] -- Up-to-date symlink: /home/dmsai1/turtlebot3_ws/install/turtlebot3_cartographer/share/turtlebot3_cartographer/rviz/tb3_cartographer.rviz
[0.314s] -- Up-to-date symlink: /home/dmsai1/turtlebot3_ws/install/turtlebot3_cartographer/share/ament_index/resource_index/package_run_dependencies/turtlebot3_cartographer
[0.314s] -- Up-to-date symlink: /home/dmsai1/turtlebot3_ws/install/turtlebot3_cartographer/share/ament_index/resource_index/parent_prefix_path/turtlebot3_cartographer
[0.315s] -- Up-to-date symlink: /home/dmsai1/turtlebot3_ws/install/turtlebot3_cartographer/share/turtlebot3_cartographer/environment/ament_prefix_path.sh
[0.315s] -- Up-to-date symlink: /home/dmsai1/turtlebot3_ws/install/turtlebot3_cartographer/share/turtlebot3_cartographer/environment/ament_prefix_path.dsv
[0.316s] -- Up-to-date symlink: /home/dmsai1/turtlebot3_ws/install/turtlebot3_cartographer/share/turtlebot3_cartographer/environment/path.sh
[0.316s] -- Up-to-date symlink: /home/dmsai1/turtlebot3_ws/install/turtlebot3_cartographer/share/turtlebot3_cartographer/environment/path.dsv
[0.316s] -- Up-to-date symlink: /home/dmsai1/turtlebot3_ws/install/turtlebot3_cartographer/share/turtlebot3_cartographer/local_setup.bash
[0.316s] -- Up-to-date symlink: /home/dmsai1/turtlebot3_ws/install/turtlebot3_cartographer/share/turtlebot3_cartographer/local_setup.sh
[0.317s] -- Up-to-date symlink: /home/dmsai1/turtlebot3_ws/install/turtlebot3_cartographer/share/turtlebot3_cartographer/local_setup.zsh
[0.317s] -- Up-to-date symlink: /home/dmsai1/turtlebot3_ws/install/turtlebot3_cartographer/share/turtlebot3_cartographer/local_setup.dsv
[0.317s] -- Symlinking: /home/dmsai1/turtlebot3_ws/install/turtlebot3_cartographer/share/turtlebot3_cartographer/package.dsv
[0.333s] -- Up-to-date symlink: /home/dmsai1/turtlebot3_ws/install/turtlebot3_cartographer/share/ament_index/resource_index/packages/turtlebot3_cartographer
[0.333s] -- Up-to-date symlink: /home/dmsai1/turtlebot3_ws/install/turtlebot3_cartographer/share/turtlebot3_cartographer/cmake/turtlebot3_cartographerConfig.cmake
[0.333s] -- Up-to-date symlink: /home/dmsai1/turtlebot3_ws/install/turtlebot3_cartographer/share/turtlebot3_cartographer/cmake/turtlebot3_cartographerConfig-version.cmake
[0.333s] -- Up-to-date symlink: /home/dmsai1/turtlebot3_ws/install/turtlebot3_cartographer/share/turtlebot3_cartographer/package.xml
[0.356s] Invoked command in '/home/dmsai1/turtlebot3_ws/build/turtlebot3_cartographer' returned '0': CMAKE_PREFIX_PATH=${CMAKE_PREFIX_PATH}:/home/dmsai1/turtlebot3_ws/install/turtlebot3_teleop:/home/dmsai1/turtlebot3_ws/install/turtlebot3_example:/opt/ros/foxy CONDA_PROMPT_MODIFIER=(turtlebotdrl) /usr/bin/cmake --install /home/dmsai1/turtlebot3_ws/build/turtlebot3_cartographer
