[0.208s] Invoking command in '/home/dmsai1/turtlebot3_ws/build/turtlebot3_fake_node': CMAKE_PREFIX_PATH=/home/dmsai1/turtlebot3_ws/install/turtlebot3_msgs:/home/dmsai1/turtlebot3_ws/install/turtlebot3:/home/dmsai1/turtlebot3_ws/install/turtlebot3_bringup:/home/dmsai1/turtlebot3_ws/install/turtlebot3_node:/home/dmsai1/turtlebot3_ws/install/turtlebot3_navigation2:/home/dmsai1/turtlebot3_ws/install/turtlebot3_description:/home/dmsai1/turtlebot3_ws/install/turtlebot3_cartographer:/home/dmsai1/turtlebot3_ws/install/dynamixel_sdk_examples:/home/dmsai1/turtlebot3_ws/install/dynamixel_sdk_custom_interfaces:/home/dmsai1/turtlebot3_ws/install/dynamixel_sdk:/home/dmsai1/turtlebot3_ws/install/turtlebot3_teleop:/home/dmsai1/turtlebot3_ws/install/turtlebot3_example:/opt/ros/foxy LD_LIBRARY_PATH=/home/dmsai1/turtlebot3_ws/install/turtlebot3_msgs/lib:/home/dmsai1/turtlebot3_ws/install/dynamixel_sdk_custom_interfaces/lib:/home/dmsai1/turtlebot3_ws/install/dynamixel_sdk/lib:/usr/lib/x86_64-linux-gnu/gazebo-11/plugins:/opt/ros/foxy/opt/yaml_cpp_vendor/lib:/opt/ros/foxy/opt/rviz_ogre_vendor/lib:/opt/ros/foxy/lib/x86_64-linux-gnu:/opt/ros/foxy/lib:/usr/local/cuda-11.1/lib64:/usr/local/cuda-11.1/lib64:/usr/local/cuda-11.1/lib64 PYTHONPATH=/home/dmsai1/turtlebot3_ws/install/turtlebot3_msgs/lib/python3.8/site-packages:/home/dmsai1/turtlebot3_ws/build/turtlebot3_teleop:/home/dmsai1/turtlebot3_ws/install/turtlebot3_teleop/lib/python3.8/site-packages:/home/dmsai1/turtlebot3_ws/build/turtlebot3_example:/home/dmsai1/turtlebot3_ws/install/turtlebot3_example/lib/python3.8/site-packages:/home/dmsai1/turtlebot3_ws/install/dynamixel_sdk_custom_interfaces/lib/python3.8/site-packages:/opt/ros/foxy/lib/python3.8/site-packages /usr/bin/cmake /home/dmsai1/turtlebot3_ws/src/turtlebot3_simulations/turtlebot3_fake_node -DAMENT_CMAKE_SYMLINK_INSTALL=1 -DCMAKE_INSTALL_PREFIX=/home/dmsai1/turtlebot3_ws/install/turtlebot3_fake_node
[0.252s] -- The C compiler identification is GNU 9.4.0
[0.296s] -- The CXX compiler identification is GNU 9.4.0
[0.301s] -- Check for working C compiler: /usr/bin/cc
[0.353s] -- Check for working C compiler: /usr/bin/cc -- works
[0.353s] -- Detecting C compiler ABI info
[0.415s] -- Detecting C compiler ABI info - done
[0.430s] -- Detecting C compile features
[0.431s] -- Detecting C compile features - done
[0.434s] -- Check for working CXX compiler: /usr/bin/c++
[0.496s] -- Check for working CXX compiler: /usr/bin/c++ -- works
[0.497s] -- Detecting CXX compiler ABI info
[0.558s] -- Detecting CXX compiler ABI info - done
[0.568s] -- Detecting CXX compile features
[0.569s] -- Detecting CXX compile features - done
[0.571s] -- Found ament_cmake: 0.9.9 (/opt/ros/foxy/share/ament_cmake/cmake)
[0.595s] -- Found PythonInterp: /usr/bin/python3 (found suitable version "3.8.10", minimum required is "3") 
[0.595s] -- Using PYTHON_EXECUTABLE: /usr/bin/python3
[0.735s] -- Override CMake install command with custom implementation using symlinks instead of copying resources
[0.759s] -- Found geometry_msgs: 2.0.5 (/opt/ros/foxy/share/geometry_msgs/cmake)
[0.787s] -- Using all available rosidl_typesupport_c: rosidl_typesupport_fastrtps_c;rosidl_typesupport_introspection_c
[0.794s] -- Found rosidl_adapter: 1.2.1 (/opt/ros/foxy/share/rosidl_adapter/cmake)
[0.855s] -- Found OpenSSL: /usr/lib/x86_64-linux-gnu/libcrypto.so (found version "1.1.1f")  
[0.879s] -- Found FastRTPS: /opt/ros/foxy/include  
[0.945s] -- Using all available rosidl_typesupport_cpp: rosidl_typesupport_fastrtps_cpp;rosidl_typesupport_introspection_cpp
[1.019s] -- Found nav_msgs: 2.0.5 (/opt/ros/foxy/share/nav_msgs/cmake)
[1.078s] -- Found rclcpp: 2.4.1 (/opt/ros/foxy/share/rclcpp/cmake)
[1.117s] -- Found rmw_implementation_cmake: 1.0.3 (/opt/ros/foxy/share/rmw_implementation_cmake/cmake)
[1.118s] -- Using RMW implementation 'rmw_fastrtps_cpp' as default
[1.119s] -- Looking for pthread.h
[1.171s] -- Looking for pthread.h - found
[1.171s] -- Performing Test CMAKE_HAVE_LIBC_PTHREAD
[1.224s] -- Performing Test CMAKE_HAVE_LIBC_PTHREAD - Failed
[1.224s] -- Looking for pthread_create in pthreads
[1.266s] -- Looking for pthread_create in pthreads - not found
[1.266s] -- Looking for pthread_create in pthread
[1.317s] -- Looking for pthread_create in pthread - found
[1.317s] -- Found Threads: TRUE  
[1.434s] -- Found sensor_msgs: 2.0.5 (/opt/ros/foxy/share/sensor_msgs/cmake)
[1.493s] -- Found tf2: 0.13.13 (/opt/ros/foxy/share/tf2/cmake)
[1.503s] -- Found tf2_msgs: 0.13.13 (/opt/ros/foxy/share/tf2_msgs/cmake)
[1.657s] -- Found turtlebot3_msgs: 2.2.1 (/home/dmsai1/turtlebot3_ws/install/turtlebot3_msgs/share/turtlebot3_msgs/cmake)
[1.784s] -- Configuring done
[1.793s] -- Generating done
[1.794s] -- Build files have been written to: /home/dmsai1/turtlebot3_ws/build/turtlebot3_fake_node
[1.801s] Invoked command in '/home/dmsai1/turtlebot3_ws/build/turtlebot3_fake_node' returned '0': CMAKE_PREFIX_PATH=/home/dmsai1/turtlebot3_ws/install/turtlebot3_msgs:/home/dmsai1/turtlebot3_ws/install/turtlebot3:/home/dmsai1/turtlebot3_ws/install/turtlebot3_bringup:/home/dmsai1/turtlebot3_ws/install/turtlebot3_node:/home/dmsai1/turtlebot3_ws/install/turtlebot3_navigation2:/home/dmsai1/turtlebot3_ws/install/turtlebot3_description:/home/dmsai1/turtlebot3_ws/install/turtlebot3_cartographer:/home/dmsai1/turtlebot3_ws/install/dynamixel_sdk_examples:/home/dmsai1/turtlebot3_ws/install/dynamixel_sdk_custom_interfaces:/home/dmsai1/turtlebot3_ws/install/dynamixel_sdk:/home/dmsai1/turtlebot3_ws/install/turtlebot3_teleop:/home/dmsai1/turtlebot3_ws/install/turtlebot3_example:/opt/ros/foxy LD_LIBRARY_PATH=/home/dmsai1/turtlebot3_ws/install/turtlebot3_msgs/lib:/home/dmsai1/turtlebot3_ws/install/dynamixel_sdk_custom_interfaces/lib:/home/dmsai1/turtlebot3_ws/install/dynamixel_sdk/lib:/usr/lib/x86_64-linux-gnu/gazebo-11/plugins:/opt/ros/foxy/opt/yaml_cpp_vendor/lib:/opt/ros/foxy/opt/rviz_ogre_vendor/lib:/opt/ros/foxy/lib/x86_64-linux-gnu:/opt/ros/foxy/lib:/usr/local/cuda-11.1/lib64:/usr/local/cuda-11.1/lib64:/usr/local/cuda-11.1/lib64 PYTHONPATH=/home/dmsai1/turtlebot3_ws/install/turtlebot3_msgs/lib/python3.8/site-packages:/home/dmsai1/turtlebot3_ws/build/turtlebot3_teleop:/home/dmsai1/turtlebot3_ws/install/turtlebot3_teleop/lib/python3.8/site-packages:/home/dmsai1/turtlebot3_ws/build/turtlebot3_example:/home/dmsai1/turtlebot3_ws/install/turtlebot3_example/lib/python3.8/site-packages:/home/dmsai1/turtlebot3_ws/install/dynamixel_sdk_custom_interfaces/lib/python3.8/site-packages:/opt/ros/foxy/lib/python3.8/site-packages /usr/bin/cmake /home/dmsai1/turtlebot3_ws/src/turtlebot3_simulations/turtlebot3_fake_node -DAMENT_CMAKE_SYMLINK_INSTALL=1 -DCMAKE_INSTALL_PREFIX=/home/dmsai1/turtlebot3_ws/install/turtlebot3_fake_node
[1.803s] Invoking command in '/home/dmsai1/turtlebot3_ws/build/turtlebot3_fake_node': CMAKE_PREFIX_PATH=/home/dmsai1/turtlebot3_ws/install/turtlebot3_msgs:/home/dmsai1/turtlebot3_ws/install/turtlebot3:/home/dmsai1/turtlebot3_ws/install/turtlebot3_bringup:/home/dmsai1/turtlebot3_ws/install/turtlebot3_node:/home/dmsai1/turtlebot3_ws/install/turtlebot3_navigation2:/home/dmsai1/turtlebot3_ws/install/turtlebot3_description:/home/dmsai1/turtlebot3_ws/install/turtlebot3_cartographer:/home/dmsai1/turtlebot3_ws/install/dynamixel_sdk_examples:/home/dmsai1/turtlebot3_ws/install/dynamixel_sdk_custom_interfaces:/home/dmsai1/turtlebot3_ws/install/dynamixel_sdk:/home/dmsai1/turtlebot3_ws/install/turtlebot3_teleop:/home/dmsai1/turtlebot3_ws/install/turtlebot3_example:/opt/ros/foxy LD_LIBRARY_PATH=/home/dmsai1/turtlebot3_ws/install/turtlebot3_msgs/lib:/home/dmsai1/turtlebot3_ws/install/dynamixel_sdk_custom_interfaces/lib:/home/dmsai1/turtlebot3_ws/install/dynamixel_sdk/lib:/usr/lib/x86_64-linux-gnu/gazebo-11/plugins:/opt/ros/foxy/opt/yaml_cpp_vendor/lib:/opt/ros/foxy/opt/rviz_ogre_vendor/lib:/opt/ros/foxy/lib/x86_64-linux-gnu:/opt/ros/foxy/lib:/usr/local/cuda-11.1/lib64:/usr/local/cuda-11.1/lib64:/usr/local/cuda-11.1/lib64 PYTHONPATH=/home/dmsai1/turtlebot3_ws/install/turtlebot3_msgs/lib/python3.8/site-packages:/home/dmsai1/turtlebot3_ws/build/turtlebot3_teleop:/home/dmsai1/turtlebot3_ws/install/turtlebot3_teleop/lib/python3.8/site-packages:/home/dmsai1/turtlebot3_ws/build/turtlebot3_example:/home/dmsai1/turtlebot3_ws/install/turtlebot3_example/lib/python3.8/site-packages:/home/dmsai1/turtlebot3_ws/install/dynamixel_sdk_custom_interfaces/lib/python3.8/site-packages:/opt/ros/foxy/lib/python3.8/site-packages /usr/bin/cmake --build /home/dmsai1/turtlebot3_ws/build/turtlebot3_fake_node -- -j12 -l12
[1.832s] [35m[1mScanning dependencies of target turtlebot3_fake_node[0m
[1.859s] [ 50%] [32mBuilding CXX object CMakeFiles/turtlebot3_fake_node.dir/src/turtlebot3_fake_node.cpp.o[0m
[7.626s] [100%] [32m[1mLinking CXX executable turtlebot3_fake_node[0m
[7.936s] [100%] Built target turtlebot3_fake_node
[7.946s] Invoked command in '/home/dmsai1/turtlebot3_ws/build/turtlebot3_fake_node' returned '0': CMAKE_PREFIX_PATH=/home/dmsai1/turtlebot3_ws/install/turtlebot3_msgs:/home/dmsai1/turtlebot3_ws/install/turtlebot3:/home/dmsai1/turtlebot3_ws/install/turtlebot3_bringup:/home/dmsai1/turtlebot3_ws/install/turtlebot3_node:/home/dmsai1/turtlebot3_ws/install/turtlebot3_navigation2:/home/dmsai1/turtlebot3_ws/install/turtlebot3_description:/home/dmsai1/turtlebot3_ws/install/turtlebot3_cartographer:/home/dmsai1/turtlebot3_ws/install/dynamixel_sdk_examples:/home/dmsai1/turtlebot3_ws/install/dynamixel_sdk_custom_interfaces:/home/dmsai1/turtlebot3_ws/install/dynamixel_sdk:/home/dmsai1/turtlebot3_ws/install/turtlebot3_teleop:/home/dmsai1/turtlebot3_ws/install/turtlebot3_example:/opt/ros/foxy LD_LIBRARY_PATH=/home/dmsai1/turtlebot3_ws/install/turtlebot3_msgs/lib:/home/dmsai1/turtlebot3_ws/install/dynamixel_sdk_custom_interfaces/lib:/home/dmsai1/turtlebot3_ws/install/dynamixel_sdk/lib:/usr/lib/x86_64-linux-gnu/gazebo-11/plugins:/opt/ros/foxy/opt/yaml_cpp_vendor/lib:/opt/ros/foxy/opt/rviz_ogre_vendor/lib:/opt/ros/foxy/lib/x86_64-linux-gnu:/opt/ros/foxy/lib:/usr/local/cuda-11.1/lib64:/usr/local/cuda-11.1/lib64:/usr/local/cuda-11.1/lib64 PYTHONPATH=/home/dmsai1/turtlebot3_ws/install/turtlebot3_msgs/lib/python3.8/site-packages:/home/dmsai1/turtlebot3_ws/build/turtlebot3_teleop:/home/dmsai1/turtlebot3_ws/install/turtlebot3_teleop/lib/python3.8/site-packages:/home/dmsai1/turtlebot3_ws/build/turtlebot3_example:/home/dmsai1/turtlebot3_ws/install/turtlebot3_example/lib/python3.8/site-packages:/home/dmsai1/turtlebot3_ws/install/dynamixel_sdk_custom_interfaces/lib/python3.8/site-packages:/opt/ros/foxy/lib/python3.8/site-packages /usr/bin/cmake --build /home/dmsai1/turtlebot3_ws/build/turtlebot3_fake_node -- -j12 -l12
[7.969s] Invoking command in '/home/dmsai1/turtlebot3_ws/build/turtlebot3_fake_node': CMAKE_PREFIX_PATH=/home/dmsai1/turtlebot3_ws/install/turtlebot3_msgs:/home/dmsai1/turtlebot3_ws/install/turtlebot3:/home/dmsai1/turtlebot3_ws/install/turtlebot3_bringup:/home/dmsai1/turtlebot3_ws/install/turtlebot3_node:/home/dmsai1/turtlebot3_ws/install/turtlebot3_navigation2:/home/dmsai1/turtlebot3_ws/install/turtlebot3_description:/home/dmsai1/turtlebot3_ws/install/turtlebot3_cartographer:/home/dmsai1/turtlebot3_ws/install/dynamixel_sdk_examples:/home/dmsai1/turtlebot3_ws/install/dynamixel_sdk_custom_interfaces:/home/dmsai1/turtlebot3_ws/install/dynamixel_sdk:/home/dmsai1/turtlebot3_ws/install/turtlebot3_teleop:/home/dmsai1/turtlebot3_ws/install/turtlebot3_example:/opt/ros/foxy LD_LIBRARY_PATH=/home/dmsai1/turtlebot3_ws/install/turtlebot3_msgs/lib:/home/dmsai1/turtlebot3_ws/install/dynamixel_sdk_custom_interfaces/lib:/home/dmsai1/turtlebot3_ws/install/dynamixel_sdk/lib:/usr/lib/x86_64-linux-gnu/gazebo-11/plugins:/opt/ros/foxy/opt/yaml_cpp_vendor/lib:/opt/ros/foxy/opt/rviz_ogre_vendor/lib:/opt/ros/foxy/lib/x86_64-linux-gnu:/opt/ros/foxy/lib:/usr/local/cuda-11.1/lib64:/usr/local/cuda-11.1/lib64:/usr/local/cuda-11.1/lib64 PYTHONPATH=/home/dmsai1/turtlebot3_ws/install/turtlebot3_msgs/lib/python3.8/site-packages:/home/dmsai1/turtlebot3_ws/build/turtlebot3_teleop:/home/dmsai1/turtlebot3_ws/install/turtlebot3_teleop/lib/python3.8/site-packages:/home/dmsai1/turtlebot3_ws/build/turtlebot3_example:/home/dmsai1/turtlebot3_ws/install/turtlebot3_example/lib/python3.8/site-packages:/home/dmsai1/turtlebot3_ws/install/dynamixel_sdk_custom_interfaces/lib/python3.8/site-packages:/opt/ros/foxy/lib/python3.8/site-packages /usr/bin/cmake --install /home/dmsai1/turtlebot3_ws/build/turtlebot3_fake_node
[7.977s] -- Install configuration: ""
[7.977s] -- Execute custom install script
[7.978s] -- Symlinking: /home/dmsai1/turtlebot3_ws/install/turtlebot3_fake_node/lib/turtlebot3_fake_node/turtlebot3_fake_node
[7.986s] -- Symlinking: /home/dmsai1/turtlebot3_ws/install/turtlebot3_fake_node/share/turtlebot3_fake_node/launch/rviz2.launch.py
[7.994s] -- Symlinking: /home/dmsai1/turtlebot3_ws/install/turtlebot3_fake_node/share/turtlebot3_fake_node/launch/turtlebot3_fake_node.launch.py
[8.002s] -- Symlinking: /home/dmsai1/turtlebot3_ws/install/turtlebot3_fake_node/share/turtlebot3_fake_node/param/burger.yaml
[8.011s] -- Symlinking: /home/dmsai1/turtlebot3_ws/install/turtlebot3_fake_node/share/turtlebot3_fake_node/param/waffle.yaml
[8.019s] -- Symlinking: /home/dmsai1/turtlebot3_ws/install/turtlebot3_fake_node/share/turtlebot3_fake_node/param/waffle_pi.yaml
[8.029s] -- Symlinking: /home/dmsai1/turtlebot3_ws/install/turtlebot3_fake_node/share/turtlebot3_fake_node/rviz/model.rviz
[8.038s] -- Symlinking: /home/dmsai1/turtlebot3_ws/install/turtlebot3_fake_node/include//turtlebot3_fake_node/turtlebot3_fake_node.hpp
[8.048s] -- Symlinking: /home/dmsai1/turtlebot3_ws/install/turtlebot3_fake_node/share/ament_index/resource_index/package_run_dependencies/turtlebot3_fake_node
[8.057s] -- Symlinking: /home/dmsai1/turtlebot3_ws/install/turtlebot3_fake_node/share/ament_index/resource_index/parent_prefix_path/turtlebot3_fake_node
[8.067s] -- Symlinking: /home/dmsai1/turtlebot3_ws/install/turtlebot3_fake_node/share/turtlebot3_fake_node/environment/ament_prefix_path.sh
[8.076s] -- Symlinking: /home/dmsai1/turtlebot3_ws/install/turtlebot3_fake_node/share/turtlebot3_fake_node/environment/ament_prefix_path.dsv
[8.085s] -- Symlinking: /home/dmsai1/turtlebot3_ws/install/turtlebot3_fake_node/share/turtlebot3_fake_node/environment/path.sh
[8.093s] -- Symlinking: /home/dmsai1/turtlebot3_ws/install/turtlebot3_fake_node/share/turtlebot3_fake_node/environment/path.dsv
[8.101s] -- Symlinking: /home/dmsai1/turtlebot3_ws/install/turtlebot3_fake_node/share/turtlebot3_fake_node/local_setup.bash
[8.110s] -- Symlinking: /home/dmsai1/turtlebot3_ws/install/turtlebot3_fake_node/share/turtlebot3_fake_node/local_setup.sh
[8.119s] -- Symlinking: /home/dmsai1/turtlebot3_ws/install/turtlebot3_fake_node/share/turtlebot3_fake_node/local_setup.zsh
[8.129s] -- Symlinking: /home/dmsai1/turtlebot3_ws/install/turtlebot3_fake_node/share/turtlebot3_fake_node/local_setup.dsv
[8.137s] -- Symlinking: /home/dmsai1/turtlebot3_ws/install/turtlebot3_fake_node/share/turtlebot3_fake_node/package.dsv
[8.146s] -- Symlinking: /home/dmsai1/turtlebot3_ws/install/turtlebot3_fake_node/share/ament_index/resource_index/packages/turtlebot3_fake_node
[8.156s] -- Symlinking: /home/dmsai1/turtlebot3_ws/install/turtlebot3_fake_node/share/turtlebot3_fake_node/cmake/ament_cmake_export_include_directories-extras.cmake
[8.165s] -- Symlinking: /home/dmsai1/turtlebot3_ws/install/turtlebot3_fake_node/share/turtlebot3_fake_node/cmake/ament_cmake_export_dependencies-extras.cmake
[8.174s] -- Symlinking: /home/dmsai1/turtlebot3_ws/install/turtlebot3_fake_node/share/turtlebot3_fake_node/cmake/turtlebot3_fake_nodeConfig.cmake
[8.182s] -- Symlinking: /home/dmsai1/turtlebot3_ws/install/turtlebot3_fake_node/share/turtlebot3_fake_node/cmake/turtlebot3_fake_nodeConfig-version.cmake
[8.191s] -- Symlinking: /home/dmsai1/turtlebot3_ws/install/turtlebot3_fake_node/share/turtlebot3_fake_node/package.xml
[8.206s] Invoked command in '/home/dmsai1/turtlebot3_ws/build/turtlebot3_fake_node' returned '0': CMAKE_PREFIX_PATH=/home/dmsai1/turtlebot3_ws/install/turtlebot3_msgs:/home/dmsai1/turtlebot3_ws/install/turtlebot3:/home/dmsai1/turtlebot3_ws/install/turtlebot3_bringup:/home/dmsai1/turtlebot3_ws/install/turtlebot3_node:/home/dmsai1/turtlebot3_ws/install/turtlebot3_navigation2:/home/dmsai1/turtlebot3_ws/install/turtlebot3_description:/home/dmsai1/turtlebot3_ws/install/turtlebot3_cartographer:/home/dmsai1/turtlebot3_ws/install/dynamixel_sdk_examples:/home/dmsai1/turtlebot3_ws/install/dynamixel_sdk_custom_interfaces:/home/dmsai1/turtlebot3_ws/install/dynamixel_sdk:/home/dmsai1/turtlebot3_ws/install/turtlebot3_teleop:/home/dmsai1/turtlebot3_ws/install/turtlebot3_example:/opt/ros/foxy LD_LIBRARY_PATH=/home/dmsai1/turtlebot3_ws/install/turtlebot3_msgs/lib:/home/dmsai1/turtlebot3_ws/install/dynamixel_sdk_custom_interfaces/lib:/home/dmsai1/turtlebot3_ws/install/dynamixel_sdk/lib:/usr/lib/x86_64-linux-gnu/gazebo-11/plugins:/opt/ros/foxy/opt/yaml_cpp_vendor/lib:/opt/ros/foxy/opt/rviz_ogre_vendor/lib:/opt/ros/foxy/lib/x86_64-linux-gnu:/opt/ros/foxy/lib:/usr/local/cuda-11.1/lib64:/usr/local/cuda-11.1/lib64:/usr/local/cuda-11.1/lib64 PYTHONPATH=/home/dmsai1/turtlebot3_ws/install/turtlebot3_msgs/lib/python3.8/site-packages:/home/dmsai1/turtlebot3_ws/build/turtlebot3_teleop:/home/dmsai1/turtlebot3_ws/install/turtlebot3_teleop/lib/python3.8/site-packages:/home/dmsai1/turtlebot3_ws/build/turtlebot3_example:/home/dmsai1/turtlebot3_ws/install/turtlebot3_example/lib/python3.8/site-packages:/home/dmsai1/turtlebot3_ws/install/dynamixel_sdk_custom_interfaces/lib/python3.8/site-packages:/opt/ros/foxy/lib/python3.8/site-packages /usr/bin/cmake --install /home/dmsai1/turtlebot3_ws/build/turtlebot3_fake_node
