[0.485s] Invoking command in '/home/dmsai1/turtlebot3_ws/build/turtlebot3_example': AMENT_PREFIX_PATH=/home/dmsai1/turtlebot3_ws/install/turtlebot3_msgs:${AMENT_PREFIX_PATH} CMAKE_PREFIX_PATH=/home/dmsai1/turtlebot3_ws/install/turtlebot3_msgs LD_LIBRARY_PATH=/home/dmsai1/turtlebot3_ws/install/turtlebot3_msgs/lib:/opt/ros/foxy/opt/yaml_cpp_vendor/lib:/opt/ros/foxy/opt/rviz_ogre_vendor/lib:/opt/ros/foxy/lib/x86_64-linux-gnu:/opt/ros/foxy/lib:/usr/local/cuda-11.1/lib64:/usr/local/cuda-11.1/lib64 PYTHONPATH=/home/dmsai1/turtlebot3_ws/install/turtlebot3_example/lib/python3.8/site-packages:/home/dmsai1/turtlebot3_ws/install/turtlebot3_msgs/lib/python3.8/site-packages:${PYTHONPATH} /usr/bin/python3 setup.py develop --prefix /home/dmsai1/turtlebot3_ws/install/turtlebot3_example --editable --build-directory /home/dmsai1/turtlebot3_ws/build/turtlebot3_example/build --no-deps install_data --install-dir /home/dmsai1/turtlebot3_ws/install/turtlebot3_example
[0.652s] running develop
[0.745s] running egg_info
[0.745s] creating turtlebot3_example.egg-info
[0.745s] writing turtlebot3_example.egg-info/PKG-INFO
[0.745s] writing dependency_links to turtlebot3_example.egg-info/dependency_links.txt
[0.745s] writing entry points to turtlebot3_example.egg-info/entry_points.txt
[0.745s] writing requirements to turtlebot3_example.egg-info/requires.txt
[0.746s] writing top-level names to turtlebot3_example.egg-info/top_level.txt
[0.746s] writing manifest file 'turtlebot3_example.egg-info/SOURCES.txt'
[0.771s] reading manifest file 'turtlebot3_example.egg-info/SOURCES.txt'
[0.771s] writing manifest file 'turtlebot3_example.egg-info/SOURCES.txt'
[0.797s] running build_ext
[0.797s] Creating /home/dmsai1/turtlebot3_ws/install/turtlebot3_example/lib/python3.8/site-packages/site.py
[0.798s] Creating /home/dmsai1/turtlebot3_ws/install/turtlebot3_example/lib/python3.8/site-packages/turtlebot3-example.egg-link (link to .)
[0.799s] Installing turtlebot3_obstacle_detection script to /home/dmsai1/turtlebot3_ws/install/turtlebot3_example/lib/turtlebot3_example
[0.799s] Installing turtlebot3_patrol_client script to /home/dmsai1/turtlebot3_ws/install/turtlebot3_example/lib/turtlebot3_example
[0.799s] Installing turtlebot3_patrol_server script to /home/dmsai1/turtlebot3_ws/install/turtlebot3_example/lib/turtlebot3_example
[0.800s] Installing turtlebot3_position_control script to /home/dmsai1/turtlebot3_ws/install/turtlebot3_example/lib/turtlebot3_example
[0.800s] 
[0.800s] Installed /home/dmsai1/turtlebot3_ws/build/turtlebot3_example
[0.800s] running install_data
[0.800s] creating /home/dmsai1/turtlebot3_ws/install/turtlebot3_example/share/ament_index
[0.800s] creating /home/dmsai1/turtlebot3_ws/install/turtlebot3_example/share/ament_index/resource_index
[0.800s] creating /home/dmsai1/turtlebot3_ws/install/turtlebot3_example/share/ament_index/resource_index/packages
[0.800s] copying resource/turtlebot3_example -> /home/dmsai1/turtlebot3_ws/install/turtlebot3_example/share/ament_index/resource_index/packages
[0.800s] copying package.xml -> /home/dmsai1/turtlebot3_ws/install/turtlebot3_example/share/turtlebot3_example
[0.822s] Invoked command in '/home/dmsai1/turtlebot3_ws/build/turtlebot3_example' returned '0': AMENT_PREFIX_PATH=/home/dmsai1/turtlebot3_ws/install/turtlebot3_msgs:${AMENT_PREFIX_PATH} CMAKE_PREFIX_PATH=/home/dmsai1/turtlebot3_ws/install/turtlebot3_msgs LD_LIBRARY_PATH=/home/dmsai1/turtlebot3_ws/install/turtlebot3_msgs/lib:/opt/ros/foxy/opt/yaml_cpp_vendor/lib:/opt/ros/foxy/opt/rviz_ogre_vendor/lib:/opt/ros/foxy/lib/x86_64-linux-gnu:/opt/ros/foxy/lib:/usr/local/cuda-11.1/lib64:/usr/local/cuda-11.1/lib64 PYTHONPATH=/home/dmsai1/turtlebot3_ws/install/turtlebot3_example/lib/python3.8/site-packages:/home/dmsai1/turtlebot3_ws/install/turtlebot3_msgs/lib/python3.8/site-packages:${PYTHONPATH} /usr/bin/python3 setup.py develop --prefix /home/dmsai1/turtlebot3_ws/install/turtlebot3_example --editable --build-directory /home/dmsai1/turtlebot3_ws/build/turtlebot3_example/build --no-deps install_data --install-dir /home/dmsai1/turtlebot3_ws/install/turtlebot3_example
