-- The C compiler identification is GNU 9.4.0
-- The CXX compiler identification is GNU 9.4.0
-- Check for working C compiler: /usr/bin/cc
-- Check for working C compiler: /usr/bin/cc -- works
-- Detecting C compiler ABI info
-- Detecting C compiler ABI info - done
-- Detecting C compile features
-- Detecting C compile features - done
-- Check for working CXX compiler: /usr/bin/c++
-- Check for working CXX compiler: /usr/bin/c++ -- works
-- Detecting CXX compiler ABI info
-- Detecting CXX compiler ABI info - done
-- Detecting CXX compile features
-- Detecting CXX compile features - done
-- Found ament_cmake: 0.9.9 (/opt/ros/foxy/share/ament_cmake/cmake)
-- Found PythonInterp: /home/dmsai1/anaconda3/envs/turtlebotdrl/bin/python3 (found suitable version "3.7.13", minimum required is "3") 
-- Using PYTHON_EXECUTABLE: /home/dmsai1/anaconda3/envs/turtlebotdrl/bin/python3
-- Override CMake install command with custom implementation using symlinks instead of copying resources
-- Configuring done
-- Generating done
-- Build files have been written to: /home/dmsai1/turtlebot3_ws/build/turtlebot3_machine_learning
-- Install configuration: ""
-- Execute custom install script
-- Symlinking: /home/dmsai1/turtlebot3_ws/install/turtlebot3_machine_learning/share/ament_index/resource_index/package_run_dependencies/turtlebot3_machine_learning
-- Symlinking: /home/dmsai1/turtlebot3_ws/install/turtlebot3_machine_learning/share/ament_index/resource_index/parent_prefix_path/turtlebot3_machine_learning
-- Symlinking: /home/dmsai1/turtlebot3_ws/install/turtlebot3_machine_learning/share/turtlebot3_machine_learning/environment/ament_prefix_path.sh
-- Symlinking: /home/dmsai1/turtlebot3_ws/install/turtlebot3_machine_learning/share/turtlebot3_machine_learning/environment/ament_prefix_path.dsv
-- Symlinking: /home/dmsai1/turtlebot3_ws/install/turtlebot3_machine_learning/share/turtlebot3_machine_learning/environment/path.sh
-- Symlinking: /home/dmsai1/turtlebot3_ws/install/turtlebot3_machine_learning/share/turtlebot3_machine_learning/environment/path.dsv
-- Symlinking: /home/dmsai1/turtlebot3_ws/install/turtlebot3_machine_learning/share/turtlebot3_machine_learning/local_setup.bash
-- Symlinking: /home/dmsai1/turtlebot3_ws/install/turtlebot3_machine_learning/share/turtlebot3_machine_learning/local_setup.sh
-- Symlinking: /home/dmsai1/turtlebot3_ws/install/turtlebot3_machine_learning/share/turtlebot3_machine_learning/local_setup.zsh
-- Symlinking: /home/dmsai1/turtlebot3_ws/install/turtlebot3_machine_learning/share/turtlebot3_machine_learning/local_setup.dsv
-- Symlinking: /home/dmsai1/turtlebot3_ws/install/turtlebot3_machine_learning/share/turtlebot3_machine_learning/package.dsv
-- Symlinking: /home/dmsai1/turtlebot3_ws/install/turtlebot3_machine_learning/share/ament_index/resource_index/packages/turtlebot3_machine_learning
-- Symlinking: /home/dmsai1/turtlebot3_ws/install/turtlebot3_machine_learning/share/turtlebot3_machine_learning/cmake/turtlebot3_machine_learningConfig.cmake
-- Symlinking: /home/dmsai1/turtlebot3_ws/install/turtlebot3_machine_learning/share/turtlebot3_machine_learning/cmake/turtlebot3_machine_learningConfig-version.cmake
-- Symlinking: /home/dmsai1/turtlebot3_ws/install/turtlebot3_machine_learning/share/turtlebot3_machine_learning/package.xml
