[0.153s] Invoking command in '/home/dmsai1/turtlebot3_ws/build/turtlebot3_description': CMAKE_PREFIX_PATH=${CMAKE_PREFIX_PATH}:/home/dmsai1/turtlebot3_ws/install/turtlebot3_teleop:/home/dmsai1/turtlebot3_ws/install/turtlebot3_example:/home/dmsai1/turtlebot3_ws/install/turtlebot3_dqn:/opt/ros/foxy CONDA_PROMPT_MODIFIER=(base) /usr/bin/cmake --build /home/dmsai1/turtlebot3_ws/build/turtlebot3_description -- -j12 -l12
[0.659s] Invoked command in '/home/dmsai1/turtlebot3_ws/build/turtlebot3_description' returned '0': CMAKE_PREFIX_PATH=${CMAKE_PREFIX_PATH}:/home/dmsai1/turtlebot3_ws/install/turtlebot3_teleop:/home/dmsai1/turtlebot3_ws/install/turtlebot3_example:/home/dmsai1/turtlebot3_ws/install/turtlebot3_dqn:/opt/ros/foxy CONDA_PROMPT_MODIFIER=(base) /usr/bin/cmake --build /home/dmsai1/turtlebot3_ws/build/turtlebot3_description -- -j12 -l12
[0.746s] Invoking command in '/home/dmsai1/turtlebot3_ws/build/turtlebot3_description': CMAKE_PREFIX_PATH=${CMAKE_PREFIX_PATH}:/home/dmsai1/turtlebot3_ws/install/turtlebot3_teleop:/home/dmsai1/turtlebot3_ws/install/turtlebot3_example:/home/dmsai1/turtlebot3_ws/install/turtlebot3_dqn:/opt/ros/foxy CONDA_PROMPT_MODIFIER=(base) /usr/bin/cmake --install /home/dmsai1/turtlebot3_ws/build/turtlebot3_description
[0.772s] -- Install configuration: ""
[0.773s] -- Execute custom install script
[0.774s] -- Up-to-date symlink: /home/dmsai1/turtlebot3_ws/install/turtlebot3_description/share/turtlebot3_description/meshes/bases/burger_base.stl
[0.774s] -- Up-to-date symlink: /home/dmsai1/turtlebot3_ws/install/turtlebot3_description/share/turtlebot3_description/meshes/bases/waffle_base.stl
[0.775s] -- Up-to-date symlink: /home/dmsai1/turtlebot3_ws/install/turtlebot3_description/share/turtlebot3_description/meshes/bases/waffle_pi_base.stl
[0.775s] -- Up-to-date symlink: /home/dmsai1/turtlebot3_ws/install/turtlebot3_description/share/turtlebot3_description/meshes/sensors/astra.dae
[0.775s] -- Up-to-date symlink: /home/dmsai1/turtlebot3_ws/install/turtlebot3_description/share/turtlebot3_description/meshes/sensors/astra.jpg
[0.776s] -- Up-to-date symlink: /home/dmsai1/turtlebot3_ws/install/turtlebot3_description/share/turtlebot3_description/meshes/sensors/lds.stl
[0.777s] -- Up-to-date symlink: /home/dmsai1/turtlebot3_ws/install/turtlebot3_description/share/turtlebot3_description/meshes/sensors/r200.dae
[0.777s] -- Up-to-date symlink: /home/dmsai1/turtlebot3_ws/install/turtlebot3_description/share/turtlebot3_description/meshes/sensors/r200.jpg
[0.783s] -- Up-to-date symlink: /home/dmsai1/turtlebot3_ws/install/turtlebot3_description/share/turtlebot3_description/meshes/wheels/left_tire.stl
[0.798s] -- Up-to-date symlink: /home/dmsai1/turtlebot3_ws/install/turtlebot3_description/share/turtlebot3_description/meshes/wheels/right_tire.stl
[0.798s] -- Up-to-date symlink: /home/dmsai1/turtlebot3_ws/install/turtlebot3_description/share/turtlebot3_description/rviz/model.rviz
[0.799s] -- Up-to-date symlink: /home/dmsai1/turtlebot3_ws/install/turtlebot3_description/share/turtlebot3_description/urdf/common_properties.urdf
[0.799s] -- Up-to-date symlink: /home/dmsai1/turtlebot3_ws/install/turtlebot3_description/share/turtlebot3_description/urdf/turtlebot3_burger.urdf
[0.799s] -- Up-to-date symlink: /home/dmsai1/turtlebot3_ws/install/turtlebot3_description/share/turtlebot3_description/urdf/turtlebot3_waffle.urdf
[0.799s] -- Up-to-date symlink: /home/dmsai1/turtlebot3_ws/install/turtlebot3_description/share/turtlebot3_description/urdf/turtlebot3_waffle_pi.urdf
[0.799s] -- Up-to-date symlink: /home/dmsai1/turtlebot3_ws/install/turtlebot3_description/share/ament_index/resource_index/package_run_dependencies/turtlebot3_description
[0.799s] -- Up-to-date symlink: /home/dmsai1/turtlebot3_ws/install/turtlebot3_description/share/ament_index/resource_index/parent_prefix_path/turtlebot3_description
[0.799s] -- Up-to-date symlink: /home/dmsai1/turtlebot3_ws/install/turtlebot3_description/share/turtlebot3_description/environment/ament_prefix_path.sh
[0.799s] -- Up-to-date symlink: /home/dmsai1/turtlebot3_ws/install/turtlebot3_description/share/turtlebot3_description/environment/ament_prefix_path.dsv
[0.799s] -- Up-to-date symlink: /home/dmsai1/turtlebot3_ws/install/turtlebot3_description/share/turtlebot3_description/environment/path.sh
[0.799s] -- Up-to-date symlink: /home/dmsai1/turtlebot3_ws/install/turtlebot3_description/share/turtlebot3_description/environment/path.dsv
[0.799s] -- Up-to-date symlink: /home/dmsai1/turtlebot3_ws/install/turtlebot3_description/share/turtlebot3_description/local_setup.bash
[0.799s] -- Up-to-date symlink: /home/dmsai1/turtlebot3_ws/install/turtlebot3_description/share/turtlebot3_description/local_setup.sh
[0.800s] -- Up-to-date symlink: /home/dmsai1/turtlebot3_ws/install/turtlebot3_description/share/turtlebot3_description/local_setup.zsh
[0.800s] -- Up-to-date symlink: /home/dmsai1/turtlebot3_ws/install/turtlebot3_description/share/turtlebot3_description/local_setup.dsv
[0.800s] -- Symlinking: /home/dmsai1/turtlebot3_ws/install/turtlebot3_description/share/turtlebot3_description/package.dsv
[0.810s] -- Up-to-date symlink: /home/dmsai1/turtlebot3_ws/install/turtlebot3_description/share/ament_index/resource_index/packages/turtlebot3_description
[0.815s] -- Up-to-date symlink: /home/dmsai1/turtlebot3_ws/install/turtlebot3_description/share/turtlebot3_description/cmake/turtlebot3_descriptionConfig.cmake
[0.816s] -- Up-to-date symlink: /home/dmsai1/turtlebot3_ws/install/turtlebot3_description/share/turtlebot3_description/cmake/turtlebot3_descriptionConfig-version.cmake
[0.816s] -- Up-to-date symlink: /home/dmsai1/turtlebot3_ws/install/turtlebot3_description/share/turtlebot3_description/package.xml
[0.824s] Invoked command in '/home/dmsai1/turtlebot3_ws/build/turtlebot3_description' returned '0': CMAKE_PREFIX_PATH=${CMAKE_PREFIX_PATH}:/home/dmsai1/turtlebot3_ws/install/turtlebot3_teleop:/home/dmsai1/turtlebot3_ws/install/turtlebot3_example:/home/dmsai1/turtlebot3_ws/install/turtlebot3_dqn:/opt/ros/foxy CONDA_PROMPT_MODIFIER=(base) /usr/bin/cmake --install /home/dmsai1/turtlebot3_ws/build/turtlebot3_description
