[0.551s] Invoking command in '/home/dmsai1/turtlebot3_ws/build/turtlebot3_example': CMAKE_PREFIX_PATH=/home/dmsai1/turtlebot3_ws/install/turtlebot3_msgs:/home/dmsai1/turtlebot3_ws/install/turtlebot3:/home/dmsai1/turtlebot3_ws/install/turtlebot3_bringup:/home/dmsai1/turtlebot3_ws/install/turtlebot3_node:/home/dmsai1/turtlebot3_ws/install/turtlebot3_navigation2:/home/dmsai1/turtlebot3_ws/install/turtlebot3_description:/home/dmsai1/turtlebot3_ws/install/turtlebot3_cartographer:/home/dmsai1/turtlebot3_ws/install/dynamixel_sdk_examples:/home/dmsai1/turtlebot3_ws/install/dynamixel_sdk_custom_interfaces:/home/dmsai1/turtlebot3_ws/install/dynamixel_sdk LD_LIBRARY_PATH=/home/dmsai1/turtlebot3_ws/install/turtlebot3_msgs/lib:/home/dmsai1/turtlebot3_ws/install/dynamixel_sdk_custom_interfaces/lib:/home/dmsai1/turtlebot3_ws/install/dynamixel_sdk/lib:/usr/lib/x86_64-linux-gnu/gazebo-11/plugins:/opt/ros/foxy/opt/yaml_cpp_vendor/lib:/opt/ros/foxy/opt/rviz_ogre_vendor/lib:/opt/ros/foxy/lib/x86_64-linux-gnu:/opt/ros/foxy/lib:/usr/local/cuda-11.1/lib64:/usr/local/cuda-11.1/lib64:/usr/local/cuda-11.1/lib64 PYTHONPATH=/home/dmsai1/turtlebot3_ws/install/turtlebot3_example/lib/python3.8/site-packages:/home/dmsai1/turtlebot3_ws/install/turtlebot3_msgs/lib/python3.8/site-packages:/home/dmsai1/turtlebot3_ws/build/turtlebot3_teleop:/home/dmsai1/turtlebot3_ws/install/turtlebot3_teleop/lib/python3.8/site-packages:/home/dmsai1/turtlebot3_ws/build/turtlebot3_example:/home/dmsai1/turtlebot3_ws/install/turtlebot3_example/lib/python3.8/site-packages:/home/dmsai1/turtlebot3_ws/install/dynamixel_sdk_custom_interfaces/lib/python3.8/site-packages:/opt/ros/foxy/lib/python3.8/site-packages /usr/bin/python3 setup.py develop --prefix /home/dmsai1/turtlebot3_ws/install/turtlebot3_example --editable --build-directory /home/dmsai1/turtlebot3_ws/build/turtlebot3_example/build --no-deps install_data --install-dir /home/dmsai1/turtlebot3_ws/install/turtlebot3_example
[0.729s] running develop
[0.830s] running egg_info
[0.830s] writing turtlebot3_example.egg-info/PKG-INFO
[0.830s] writing dependency_links to turtlebot3_example.egg-info/dependency_links.txt
[0.830s] writing entry points to turtlebot3_example.egg-info/entry_points.txt
[0.830s] writing requirements to turtlebot3_example.egg-info/requires.txt
[0.830s] writing top-level names to turtlebot3_example.egg-info/top_level.txt
[0.857s] reading manifest file 'turtlebot3_example.egg-info/SOURCES.txt'
[0.858s] writing manifest file 'turtlebot3_example.egg-info/SOURCES.txt'
[0.885s] running build_ext
[0.886s] Creating /home/dmsai1/turtlebot3_ws/install/turtlebot3_example/lib/python3.8/site-packages/turtlebot3-example.egg-link (link to .)
[0.886s] Installing turtlebot3_obstacle_detection script to /home/dmsai1/turtlebot3_ws/install/turtlebot3_example/lib/turtlebot3_example
[0.887s] Installing turtlebot3_patrol_client script to /home/dmsai1/turtlebot3_ws/install/turtlebot3_example/lib/turtlebot3_example
[0.887s] Installing turtlebot3_patrol_server script to /home/dmsai1/turtlebot3_ws/install/turtlebot3_example/lib/turtlebot3_example
[0.887s] Installing turtlebot3_position_control script to /home/dmsai1/turtlebot3_ws/install/turtlebot3_example/lib/turtlebot3_example
[0.887s] 
[0.887s] Installed /home/dmsai1/turtlebot3_ws/build/turtlebot3_example
[0.887s] running install_data
[0.909s] Invoked command in '/home/dmsai1/turtlebot3_ws/build/turtlebot3_example' returned '0': CMAKE_PREFIX_PATH=/home/dmsai1/turtlebot3_ws/install/turtlebot3_msgs:/home/dmsai1/turtlebot3_ws/install/turtlebot3:/home/dmsai1/turtlebot3_ws/install/turtlebot3_bringup:/home/dmsai1/turtlebot3_ws/install/turtlebot3_node:/home/dmsai1/turtlebot3_ws/install/turtlebot3_navigation2:/home/dmsai1/turtlebot3_ws/install/turtlebot3_description:/home/dmsai1/turtlebot3_ws/install/turtlebot3_cartographer:/home/dmsai1/turtlebot3_ws/install/dynamixel_sdk_examples:/home/dmsai1/turtlebot3_ws/install/dynamixel_sdk_custom_interfaces:/home/dmsai1/turtlebot3_ws/install/dynamixel_sdk LD_LIBRARY_PATH=/home/dmsai1/turtlebot3_ws/install/turtlebot3_msgs/lib:/home/dmsai1/turtlebot3_ws/install/dynamixel_sdk_custom_interfaces/lib:/home/dmsai1/turtlebot3_ws/install/dynamixel_sdk/lib:/usr/lib/x86_64-linux-gnu/gazebo-11/plugins:/opt/ros/foxy/opt/yaml_cpp_vendor/lib:/opt/ros/foxy/opt/rviz_ogre_vendor/lib:/opt/ros/foxy/lib/x86_64-linux-gnu:/opt/ros/foxy/lib:/usr/local/cuda-11.1/lib64:/usr/local/cuda-11.1/lib64:/usr/local/cuda-11.1/lib64 PYTHONPATH=/home/dmsai1/turtlebot3_ws/install/turtlebot3_example/lib/python3.8/site-packages:/home/dmsai1/turtlebot3_ws/install/turtlebot3_msgs/lib/python3.8/site-packages:/home/dmsai1/turtlebot3_ws/build/turtlebot3_teleop:/home/dmsai1/turtlebot3_ws/install/turtlebot3_teleop/lib/python3.8/site-packages:/home/dmsai1/turtlebot3_ws/build/turtlebot3_example:/home/dmsai1/turtlebot3_ws/install/turtlebot3_example/lib/python3.8/site-packages:/home/dmsai1/turtlebot3_ws/install/dynamixel_sdk_custom_interfaces/lib/python3.8/site-packages:/opt/ros/foxy/lib/python3.8/site-packages /usr/bin/python3 setup.py develop --prefix /home/dmsai1/turtlebot3_ws/install/turtlebot3_example --editable --build-directory /home/dmsai1/turtlebot3_ws/build/turtlebot3_example/build --no-deps install_data --install-dir /home/dmsai1/turtlebot3_ws/install/turtlebot3_example
