[1.674s] Invoking command in '/home/dmsai1/turtlebot3_ws/build/turtlebot3_dqn': CMAKE_PREFIX_PATH=/home/dmsai1/turtlebot3_ws/install/turtlebot3_msgs:/home/dmsai1/turtlebot3_ws/install/turtlebot3:/home/dmsai1/turtlebot3_ws/install/turtlebot3_simulations:/home/dmsai1/turtlebot3_ws/install/turtlebot3_bringup:/home/dmsai1/turtlebot3_ws/install/turtlebot3_node:/home/dmsai1/turtlebot3_ws/install/turtlebot3_navigation2:/home/dmsai1/turtlebot3_ws/install/turtlebot3_machine_learning:/home/dmsai1/turtlebot3_ws/install/turtlebot3_fake_node:/home/dmsai1/turtlebot3_ws/install/turtlebot3_gazebo:/home/dmsai1/turtlebot3_ws/install/turtlebot3_description:/home/dmsai1/turtlebot3_ws/install/turtlebot3_cartographer:/home/dmsai1/turtlebot3_ws/install/dynamixel_sdk_examples:/home/dmsai1/turtlebot3_ws/install/dynamixel_sdk_custom_interfaces:/home/dmsai1/turtlebot3_ws/install/dynamixel_sdk CONDA_PROMPT_MODIFIER=(base) LD_LIBRARY_PATH=/home/dmsai1/turtlebot3_ws/install/turtlebot3_msgs/lib:/home/dmsai1/turtlebot3_ws/install/dynamixel_sdk_custom_interfaces/lib:/home/dmsai1/turtlebot3_ws/install/dynamixel_sdk/lib:/usr/lib/x86_64-linux-gnu/gazebo-11/plugins:/opt/ros/foxy/opt/yaml_cpp_vendor/lib:/opt/ros/foxy/opt/rviz_ogre_vendor/lib:/opt/ros/foxy/lib/x86_64-linux-gnu:/opt/ros/foxy/lib:/usr/local/cuda-11.1/lib64 PYTHONPATH=/home/dmsai1/turtlebot3_ws/install/turtlebot3_dqn/lib/python3.8/site-packages:/home/dmsai1/turtlebot3_ws/install/turtlebot3_msgs/lib/python3.8/site-packages:/home/dmsai1/turtlebot3_ws/build/turtlebot3_teleop:/home/dmsai1/turtlebot3_ws/install/turtlebot3_teleop/lib/python3.8/site-packages:/home/dmsai1/turtlebot3_ws/build/turtlebot3_example:/home/dmsai1/turtlebot3_ws/install/turtlebot3_example/lib/python3.8/site-packages:/home/dmsai1/turtlebot3_ws/build/turtlebot3_dqn:/home/dmsai1/turtlebot3_ws/install/turtlebot3_dqn/lib/python3.8/site-packages:/home/dmsai1/turtlebot3_ws/install/dynamixel_sdk_custom_interfaces/lib/python3.8/site-packages:/opt/ros/foxy/lib/python3.8/site-packages /usr/bin/python3 setup.py develop --prefix /home/dmsai1/turtlebot3_ws/install/turtlebot3_dqn --editable --build-directory /home/dmsai1/turtlebot3_ws/build/turtlebot3_dqn/build --no-deps install_data --install-dir /home/dmsai1/turtlebot3_ws/install/turtlebot3_dqn
[2.035s] running develop
[2.227s] running egg_info
[2.228s] writing turtlebot3_dqn.egg-info/PKG-INFO
[2.228s] writing dependency_links to turtlebot3_dqn.egg-info/dependency_links.txt
[2.228s] writing entry points to turtlebot3_dqn.egg-info/entry_points.txt
[2.229s] writing requirements to turtlebot3_dqn.egg-info/requires.txt
[2.229s] writing top-level names to turtlebot3_dqn.egg-info/top_level.txt
[2.288s] reading manifest file 'turtlebot3_dqn.egg-info/SOURCES.txt'
[2.288s] writing manifest file 'turtlebot3_dqn.egg-info/SOURCES.txt'
[2.342s] running build_ext
[2.343s] Creating /home/dmsai1/turtlebot3_ws/install/turtlebot3_dqn/lib/python3.8/site-packages/turtlebot3-dqn.egg-link (link to .)
[2.345s] Installing dqn_agent script to /home/dmsai1/turtlebot3_ws/install/turtlebot3_dqn/lib/turtlebot3_dqn
[2.346s] Installing dqn_environment script to /home/dmsai1/turtlebot3_ws/install/turtlebot3_dqn/lib/turtlebot3_dqn
[2.346s] Installing dqn_gazebo script to /home/dmsai1/turtlebot3_ws/install/turtlebot3_dqn/lib/turtlebot3_dqn
[2.346s] Installing dqn_test script to /home/dmsai1/turtlebot3_ws/install/turtlebot3_dqn/lib/turtlebot3_dqn
[2.346s] Installing drl_trainer script to /home/dmsai1/turtlebot3_ws/install/turtlebot3_dqn/lib/turtlebot3_dqn
[2.346s] Installing slam_test script to /home/dmsai1/turtlebot3_ws/install/turtlebot3_dqn/lib/turtlebot3_dqn
[2.347s] 
[2.347s] Installed /home/dmsai1/turtlebot3_ws/build/turtlebot3_dqn
[2.347s] running install_data
[2.424s] Invoked command in '/home/dmsai1/turtlebot3_ws/build/turtlebot3_dqn' returned '0': CMAKE_PREFIX_PATH=/home/dmsai1/turtlebot3_ws/install/turtlebot3_msgs:/home/dmsai1/turtlebot3_ws/install/turtlebot3:/home/dmsai1/turtlebot3_ws/install/turtlebot3_simulations:/home/dmsai1/turtlebot3_ws/install/turtlebot3_bringup:/home/dmsai1/turtlebot3_ws/install/turtlebot3_node:/home/dmsai1/turtlebot3_ws/install/turtlebot3_navigation2:/home/dmsai1/turtlebot3_ws/install/turtlebot3_machine_learning:/home/dmsai1/turtlebot3_ws/install/turtlebot3_fake_node:/home/dmsai1/turtlebot3_ws/install/turtlebot3_gazebo:/home/dmsai1/turtlebot3_ws/install/turtlebot3_description:/home/dmsai1/turtlebot3_ws/install/turtlebot3_cartographer:/home/dmsai1/turtlebot3_ws/install/dynamixel_sdk_examples:/home/dmsai1/turtlebot3_ws/install/dynamixel_sdk_custom_interfaces:/home/dmsai1/turtlebot3_ws/install/dynamixel_sdk CONDA_PROMPT_MODIFIER=(base) LD_LIBRARY_PATH=/home/dmsai1/turtlebot3_ws/install/turtlebot3_msgs/lib:/home/dmsai1/turtlebot3_ws/install/dynamixel_sdk_custom_interfaces/lib:/home/dmsai1/turtlebot3_ws/install/dynamixel_sdk/lib:/usr/lib/x86_64-linux-gnu/gazebo-11/plugins:/opt/ros/foxy/opt/yaml_cpp_vendor/lib:/opt/ros/foxy/opt/rviz_ogre_vendor/lib:/opt/ros/foxy/lib/x86_64-linux-gnu:/opt/ros/foxy/lib:/usr/local/cuda-11.1/lib64 PYTHONPATH=/home/dmsai1/turtlebot3_ws/install/turtlebot3_dqn/lib/python3.8/site-packages:/home/dmsai1/turtlebot3_ws/install/turtlebot3_msgs/lib/python3.8/site-packages:/home/dmsai1/turtlebot3_ws/build/turtlebot3_teleop:/home/dmsai1/turtlebot3_ws/install/turtlebot3_teleop/lib/python3.8/site-packages:/home/dmsai1/turtlebot3_ws/build/turtlebot3_example:/home/dmsai1/turtlebot3_ws/install/turtlebot3_example/lib/python3.8/site-packages:/home/dmsai1/turtlebot3_ws/build/turtlebot3_dqn:/home/dmsai1/turtlebot3_ws/install/turtlebot3_dqn/lib/python3.8/site-packages:/home/dmsai1/turtlebot3_ws/install/dynamixel_sdk_custom_interfaces/lib/python3.8/site-packages:/opt/ros/foxy/lib/python3.8/site-packages /usr/bin/python3 setup.py develop --prefix /home/dmsai1/turtlebot3_ws/install/turtlebot3_dqn --editable --build-directory /home/dmsai1/turtlebot3_ws/build/turtlebot3_dqn/build --no-deps install_data --install-dir /home/dmsai1/turtlebot3_ws/install/turtlebot3_dqn
