[0.761s] Invoking command in '/home/dmsai1/turtlebot3_ws/build/turtlebot3_dqn': CMAKE_PREFIX_PATH=/home/dmsai1/turtlebot3_ws/install/turtlebot3_msgs:/home/dmsai1/turtlebot3_ws/install/turtlebot3:/home/dmsai1/turtlebot3_ws/install/turtlebot3_simulations:/home/dmsai1/turtlebot3_ws/install/turtlebot3_bringup:/home/dmsai1/turtlebot3_ws/install/turtlebot3_node:/home/dmsai1/turtlebot3_ws/install/turtlebot3_navigation2:/home/dmsai1/turtlebot3_ws/install/turtlebot3_fake_node:/home/dmsai1/turtlebot3_ws/install/turtlebot3_gazebo:/home/dmsai1/turtlebot3_ws/install/turtlebot3_description:/home/dmsai1/turtlebot3_ws/install/turtlebot3_cartographer:/home/dmsai1/turtlebot3_ws/install/dynamixel_sdk_examples:/home/dmsai1/turtlebot3_ws/install/dynamixel_sdk_custom_interfaces:/home/dmsai1/turtlebot3_ws/install/dynamixel_sdk CONDA_PROMPT_MODIFIER=(turtlebotdrl) LD_LIBRARY_PATH=/home/dmsai1/turtlebot3_ws/install/turtlebot3_msgs/lib:/home/dmsai1/turtlebot3_ws/install/dynamixel_sdk_custom_interfaces/lib:/home/dmsai1/turtlebot3_ws/install/dynamixel_sdk/lib:/usr/lib/x86_64-linux-gnu/gazebo-11/plugins:/opt/ros/foxy/opt/yaml_cpp_vendor/lib:/opt/ros/foxy/opt/rviz_ogre_vendor/lib:/opt/ros/foxy/lib/x86_64-linux-gnu:/opt/ros/foxy/lib:/usr/local/cuda-11.1/lib64 PYTHONPATH=/home/dmsai1/turtlebot3_ws/install/turtlebot3_dqn/lib/python3.8/site-packages:/home/dmsai1/turtlebot3_ws/install/turtlebot3_msgs/lib/python3.8/site-packages:/home/dmsai1/turtlebot3_ws/build/turtlebot3_teleop:/home/dmsai1/turtlebot3_ws/install/turtlebot3_teleop/lib/python3.8/site-packages:/home/dmsai1/turtlebot3_ws/build/turtlebot3_example:/home/dmsai1/turtlebot3_ws/install/turtlebot3_example/lib/python3.8/site-packages:/home/dmsai1/turtlebot3_ws/install/dynamixel_sdk_custom_interfaces/lib/python3.8/site-packages:/opt/ros/foxy/lib/python3.8/site-packages /usr/bin/python3 setup.py develop --prefix /home/dmsai1/turtlebot3_ws/install/turtlebot3_dqn --editable --build-directory /home/dmsai1/turtlebot3_ws/build/turtlebot3_dqn/build --no-deps install_data --install-dir /home/dmsai1/turtlebot3_ws/install/turtlebot3_dqn
[0.938s] running develop
[1.036s] running egg_info
[1.036s] creating turtlebot3_dqn.egg-info
[1.036s] writing turtlebot3_dqn.egg-info/PKG-INFO
[1.037s] writing dependency_links to turtlebot3_dqn.egg-info/dependency_links.txt
[1.037s] writing entry points to turtlebot3_dqn.egg-info/entry_points.txt
[1.037s] writing requirements to turtlebot3_dqn.egg-info/requires.txt
[1.037s] writing top-level names to turtlebot3_dqn.egg-info/top_level.txt
[1.037s] writing manifest file 'turtlebot3_dqn.egg-info/SOURCES.txt'
[1.062s] reading manifest file 'turtlebot3_dqn.egg-info/SOURCES.txt'
[1.062s] writing manifest file 'turtlebot3_dqn.egg-info/SOURCES.txt'
[1.088s] running build_ext
[1.089s] Creating /home/dmsai1/turtlebot3_ws/install/turtlebot3_dqn/lib/python3.8/site-packages/site.py
[1.090s] Creating /home/dmsai1/turtlebot3_ws/install/turtlebot3_dqn/lib/python3.8/site-packages/turtlebot3-dqn.egg-link (link to .)
[1.091s] Installing dqn_agent script to /home/dmsai1/turtlebot3_ws/install/turtlebot3_dqn/lib/turtlebot3_dqn
[1.091s] Installing dqn_environment script to /home/dmsai1/turtlebot3_ws/install/turtlebot3_dqn/lib/turtlebot3_dqn
[1.091s] Installing dqn_gazebo script to /home/dmsai1/turtlebot3_ws/install/turtlebot3_dqn/lib/turtlebot3_dqn
[1.091s] Installing dqn_test script to /home/dmsai1/turtlebot3_ws/install/turtlebot3_dqn/lib/turtlebot3_dqn
[1.092s] 
[1.092s] Installed /home/dmsai1/turtlebot3_ws/build/turtlebot3_dqn
[1.092s] running install_data
[1.092s] creating /home/dmsai1/turtlebot3_ws/install/turtlebot3_dqn/share/ament_index
[1.092s] creating /home/dmsai1/turtlebot3_ws/install/turtlebot3_dqn/share/ament_index/resource_index
[1.092s] creating /home/dmsai1/turtlebot3_ws/install/turtlebot3_dqn/share/ament_index/resource_index/packages
[1.092s] copying resource/turtlebot3_dqn -> /home/dmsai1/turtlebot3_ws/install/turtlebot3_dqn/share/ament_index/resource_index/packages
[1.092s] copying package.xml -> /home/dmsai1/turtlebot3_ws/install/turtlebot3_dqn/share/turtlebot3_dqn
[1.092s] creating /home/dmsai1/turtlebot3_ws/install/turtlebot3_dqn/share/turtlebot3_dqn/launch
[1.092s] copying launch/turtlebot3_dqn_stage1.launch.py -> /home/dmsai1/turtlebot3_ws/install/turtlebot3_dqn/share/turtlebot3_dqn/launch
[1.092s] copying launch/turtlebot3_dqn_stage2.launch.py -> /home/dmsai1/turtlebot3_ws/install/turtlebot3_dqn/share/turtlebot3_dqn/launch
[1.092s] copying launch/turtlebot3_dqn_stage3.launch.py -> /home/dmsai1/turtlebot3_ws/install/turtlebot3_dqn/share/turtlebot3_dqn/launch
[1.092s] copying launch/turtlebot3_dqn_stage4.launch.py -> /home/dmsai1/turtlebot3_ws/install/turtlebot3_dqn/share/turtlebot3_dqn/launch
[1.113s] Invoked command in '/home/dmsai1/turtlebot3_ws/build/turtlebot3_dqn' returned '0': CMAKE_PREFIX_PATH=/home/dmsai1/turtlebot3_ws/install/turtlebot3_msgs:/home/dmsai1/turtlebot3_ws/install/turtlebot3:/home/dmsai1/turtlebot3_ws/install/turtlebot3_simulations:/home/dmsai1/turtlebot3_ws/install/turtlebot3_bringup:/home/dmsai1/turtlebot3_ws/install/turtlebot3_node:/home/dmsai1/turtlebot3_ws/install/turtlebot3_navigation2:/home/dmsai1/turtlebot3_ws/install/turtlebot3_fake_node:/home/dmsai1/turtlebot3_ws/install/turtlebot3_gazebo:/home/dmsai1/turtlebot3_ws/install/turtlebot3_description:/home/dmsai1/turtlebot3_ws/install/turtlebot3_cartographer:/home/dmsai1/turtlebot3_ws/install/dynamixel_sdk_examples:/home/dmsai1/turtlebot3_ws/install/dynamixel_sdk_custom_interfaces:/home/dmsai1/turtlebot3_ws/install/dynamixel_sdk CONDA_PROMPT_MODIFIER=(turtlebotdrl) LD_LIBRARY_PATH=/home/dmsai1/turtlebot3_ws/install/turtlebot3_msgs/lib:/home/dmsai1/turtlebot3_ws/install/dynamixel_sdk_custom_interfaces/lib:/home/dmsai1/turtlebot3_ws/install/dynamixel_sdk/lib:/usr/lib/x86_64-linux-gnu/gazebo-11/plugins:/opt/ros/foxy/opt/yaml_cpp_vendor/lib:/opt/ros/foxy/opt/rviz_ogre_vendor/lib:/opt/ros/foxy/lib/x86_64-linux-gnu:/opt/ros/foxy/lib:/usr/local/cuda-11.1/lib64 PYTHONPATH=/home/dmsai1/turtlebot3_ws/install/turtlebot3_dqn/lib/python3.8/site-packages:/home/dmsai1/turtlebot3_ws/install/turtlebot3_msgs/lib/python3.8/site-packages:/home/dmsai1/turtlebot3_ws/build/turtlebot3_teleop:/home/dmsai1/turtlebot3_ws/install/turtlebot3_teleop/lib/python3.8/site-packages:/home/dmsai1/turtlebot3_ws/build/turtlebot3_example:/home/dmsai1/turtlebot3_ws/install/turtlebot3_example/lib/python3.8/site-packages:/home/dmsai1/turtlebot3_ws/install/dynamixel_sdk_custom_interfaces/lib/python3.8/site-packages:/opt/ros/foxy/lib/python3.8/site-packages /usr/bin/python3 setup.py develop --prefix /home/dmsai1/turtlebot3_ws/install/turtlebot3_dqn --editable --build-directory /home/dmsai1/turtlebot3_ws/build/turtlebot3_dqn/build --no-deps install_data --install-dir /home/dmsai1/turtlebot3_ws/install/turtlebot3_dqn
