[0.145s] Invoking command in '/home/dmsai1/turtlebot3_ws/build/turtlebot3_description': CMAKE_PREFIX_PATH=${CMAKE_PREFIX_PATH}:/home/dmsai1/turtlebot3_ws/src/turtlebot3_machine_learning/turtlebot3_dqn/install/turtlebot3_dqn:/home/dmsai1/turtlebot3_ws/install/turtlebot3_teleop:/home/dmsai1/turtlebot3_ws/install/turtlebot3_example:/home/dmsai1/turtlebot3_ws/install/turtlebot3_dqn:/opt/ros/foxy CONDA_PROMPT_MODIFIER=(base) /bin/cmake --build /home/dmsai1/turtlebot3_ws/build/turtlebot3_description -- -j12 -l12
[0.664s] Invoked command in '/home/dmsai1/turtlebot3_ws/build/turtlebot3_description' returned '0': CMAKE_PREFIX_PATH=${CMAKE_PREFIX_PATH}:/home/dmsai1/turtlebot3_ws/src/turtlebot3_machine_learning/turtlebot3_dqn/install/turtlebot3_dqn:/home/dmsai1/turtlebot3_ws/install/turtlebot3_teleop:/home/dmsai1/turtlebot3_ws/install/turtlebot3_example:/home/dmsai1/turtlebot3_ws/install/turtlebot3_dqn:/opt/ros/foxy CONDA_PROMPT_MODIFIER=(base) /bin/cmake --build /home/dmsai1/turtlebot3_ws/build/turtlebot3_description -- -j12 -l12
[0.769s] Invoking command in '/home/dmsai1/turtlebot3_ws/build/turtlebot3_description': CMAKE_PREFIX_PATH=${CMAKE_PREFIX_PATH}:/home/dmsai1/turtlebot3_ws/src/turtlebot3_machine_learning/turtlebot3_dqn/install/turtlebot3_dqn:/home/dmsai1/turtlebot3_ws/install/turtlebot3_teleop:/home/dmsai1/turtlebot3_ws/install/turtlebot3_example:/home/dmsai1/turtlebot3_ws/install/turtlebot3_dqn:/opt/ros/foxy CONDA_PROMPT_MODIFIER=(base) /bin/cmake --install /home/dmsai1/turtlebot3_ws/build/turtlebot3_description
[0.782s] -- Install configuration: ""
[0.782s] -- Execute custom install script
[0.783s] -- Up-to-date symlink: /home/dmsai1/turtlebot3_ws/install/turtlebot3_description/share/turtlebot3_description/meshes/bases/burger_base.stl
[0.783s] -- Up-to-date symlink: /home/dmsai1/turtlebot3_ws/install/turtlebot3_description/share/turtlebot3_description/meshes/bases/waffle_base.stl
[0.793s] -- Up-to-date symlink: /home/dmsai1/turtlebot3_ws/install/turtlebot3_description/share/turtlebot3_description/meshes/bases/waffle_pi_base.stl
[0.793s] -- Up-to-date symlink: /home/dmsai1/turtlebot3_ws/install/turtlebot3_description/share/turtlebot3_description/meshes/sensors/astra.dae
[0.793s] -- Up-to-date symlink: /home/dmsai1/turtlebot3_ws/install/turtlebot3_description/share/turtlebot3_description/meshes/sensors/astra.jpg
[0.793s] -- Up-to-date symlink: /home/dmsai1/turtlebot3_ws/install/turtlebot3_description/share/turtlebot3_description/meshes/sensors/lds.stl
[0.793s] -- Up-to-date symlink: /home/dmsai1/turtlebot3_ws/install/turtlebot3_description/share/turtlebot3_description/meshes/sensors/r200.dae
[0.793s] -- Up-to-date symlink: /home/dmsai1/turtlebot3_ws/install/turtlebot3_description/share/turtlebot3_description/meshes/sensors/r200.jpg
[0.793s] -- Up-to-date symlink: /home/dmsai1/turtlebot3_ws/install/turtlebot3_description/share/turtlebot3_description/meshes/wheels/left_tire.stl
[0.793s] -- Up-to-date symlink: /home/dmsai1/turtlebot3_ws/install/turtlebot3_description/share/turtlebot3_description/meshes/wheels/right_tire.stl
[0.793s] -- Up-to-date symlink: /home/dmsai1/turtlebot3_ws/install/turtlebot3_description/share/turtlebot3_description/rviz/model.rviz
[0.794s] -- Up-to-date symlink: /home/dmsai1/turtlebot3_ws/install/turtlebot3_description/share/turtlebot3_description/urdf/common_properties.urdf
[0.794s] -- Up-to-date symlink: /home/dmsai1/turtlebot3_ws/install/turtlebot3_description/share/turtlebot3_description/urdf/turtlebot3_burger.urdf
[0.794s] -- Up-to-date symlink: /home/dmsai1/turtlebot3_ws/install/turtlebot3_description/share/turtlebot3_description/urdf/turtlebot3_waffle.urdf
[0.794s] -- Up-to-date symlink: /home/dmsai1/turtlebot3_ws/install/turtlebot3_description/share/turtlebot3_description/urdf/turtlebot3_waffle_pi.urdf
[0.794s] -- Up-to-date symlink: /home/dmsai1/turtlebot3_ws/install/turtlebot3_description/share/ament_index/resource_index/package_run_dependencies/turtlebot3_description
[0.796s] -- Up-to-date symlink: /home/dmsai1/turtlebot3_ws/install/turtlebot3_description/share/ament_index/resource_index/parent_prefix_path/turtlebot3_description
[0.796s] -- Up-to-date symlink: /home/dmsai1/turtlebot3_ws/install/turtlebot3_description/share/turtlebot3_description/environment/ament_prefix_path.sh
[0.797s] -- Up-to-date symlink: /home/dmsai1/turtlebot3_ws/install/turtlebot3_description/share/turtlebot3_description/environment/ament_prefix_path.dsv
[0.797s] -- Up-to-date symlink: /home/dmsai1/turtlebot3_ws/install/turtlebot3_description/share/turtlebot3_description/environment/path.sh
[0.797s] -- Up-to-date symlink: /home/dmsai1/turtlebot3_ws/install/turtlebot3_description/share/turtlebot3_description/environment/path.dsv
[0.797s] -- Up-to-date symlink: /home/dmsai1/turtlebot3_ws/install/turtlebot3_description/share/turtlebot3_description/local_setup.bash
[0.801s] -- Up-to-date symlink: /home/dmsai1/turtlebot3_ws/install/turtlebot3_description/share/turtlebot3_description/local_setup.sh
[0.802s] -- Up-to-date symlink: /home/dmsai1/turtlebot3_ws/install/turtlebot3_description/share/turtlebot3_description/local_setup.zsh
[0.802s] -- Up-to-date symlink: /home/dmsai1/turtlebot3_ws/install/turtlebot3_description/share/turtlebot3_description/local_setup.dsv
[0.802s] -- Symlinking: /home/dmsai1/turtlebot3_ws/install/turtlebot3_description/share/turtlebot3_description/package.dsv
[0.809s] -- Up-to-date symlink: /home/dmsai1/turtlebot3_ws/install/turtlebot3_description/share/ament_index/resource_index/packages/turtlebot3_description
[0.809s] -- Up-to-date symlink: /home/dmsai1/turtlebot3_ws/install/turtlebot3_description/share/turtlebot3_description/cmake/turtlebot3_descriptionConfig.cmake
[0.809s] -- Up-to-date symlink: /home/dmsai1/turtlebot3_ws/install/turtlebot3_description/share/turtlebot3_description/cmake/turtlebot3_descriptionConfig-version.cmake
[0.809s] -- Up-to-date symlink: /home/dmsai1/turtlebot3_ws/install/turtlebot3_description/share/turtlebot3_description/package.xml
[0.818s] Invoked command in '/home/dmsai1/turtlebot3_ws/build/turtlebot3_description' returned '0': CMAKE_PREFIX_PATH=${CMAKE_PREFIX_PATH}:/home/dmsai1/turtlebot3_ws/src/turtlebot3_machine_learning/turtlebot3_dqn/install/turtlebot3_dqn:/home/dmsai1/turtlebot3_ws/install/turtlebot3_teleop:/home/dmsai1/turtlebot3_ws/install/turtlebot3_example:/home/dmsai1/turtlebot3_ws/install/turtlebot3_dqn:/opt/ros/foxy CONDA_PROMPT_MODIFIER=(base) /bin/cmake --install /home/dmsai1/turtlebot3_ws/build/turtlebot3_description
