[0.039s] Invoking command in '/home/dmsai1/turtlebot3_ws/build/turtlebot3_navigation2': CMAKE_PREFIX_PATH=${CMAKE_PREFIX_PATH}:/home/dmsai1/turtlebot3_ws/install/turtlebot3_teleop:/home/dmsai1/turtlebot3_ws/install/turtlebot3_example:/opt/ros/foxy CONDA_PROMPT_MODIFIER=(turtlebotdrl) /usr/bin/cmake --build /home/dmsai1/turtlebot3_ws/build/turtlebot3_navigation2 -- -j12 -l12
[0.265s] Invoked command in '/home/dmsai1/turtlebot3_ws/build/turtlebot3_navigation2' returned '0': CMAKE_PREFIX_PATH=${CMAKE_PREFIX_PATH}:/home/dmsai1/turtlebot3_ws/install/turtlebot3_teleop:/home/dmsai1/turtlebot3_ws/install/turtlebot3_example:/opt/ros/foxy CONDA_PROMPT_MODIFIER=(turtlebotdrl) /usr/bin/cmake --build /home/dmsai1/turtlebot3_ws/build/turtlebot3_navigation2 -- -j12 -l12
[0.290s] Invoking command in '/home/dmsai1/turtlebot3_ws/build/turtlebot3_navigation2': CMAKE_PREFIX_PATH=${CMAKE_PREFIX_PATH}:/home/dmsai1/turtlebot3_ws/install/turtlebot3_teleop:/home/dmsai1/turtlebot3_ws/install/turtlebot3_example:/opt/ros/foxy CONDA_PROMPT_MODIFIER=(turtlebotdrl) /usr/bin/cmake --install /home/dmsai1/turtlebot3_ws/build/turtlebot3_navigation2
[0.299s] -- Install configuration: ""
[0.299s] -- Execute custom install script
[0.303s] -- Up-to-date symlink: /home/dmsai1/turtlebot3_ws/install/turtlebot3_navigation2/share/turtlebot3_navigation2/launch/navigation2.launch.py
[0.304s] -- Up-to-date symlink: /home/dmsai1/turtlebot3_ws/install/turtlebot3_navigation2/share/turtlebot3_navigation2/map/turtlebot3_world.pgm
[0.304s] -- Up-to-date symlink: /home/dmsai1/turtlebot3_ws/install/turtlebot3_navigation2/share/turtlebot3_navigation2/map/turtlebot3_world.yaml
[0.305s] -- Up-to-date symlink: /home/dmsai1/turtlebot3_ws/install/turtlebot3_navigation2/share/turtlebot3_navigation2/param/burger.yaml
[0.305s] -- Up-to-date symlink: /home/dmsai1/turtlebot3_ws/install/turtlebot3_navigation2/share/turtlebot3_navigation2/param/waffle.yaml
[0.305s] -- Up-to-date symlink: /home/dmsai1/turtlebot3_ws/install/turtlebot3_navigation2/share/turtlebot3_navigation2/param/waffle_pi.yaml
[0.305s] -- Up-to-date symlink: /home/dmsai1/turtlebot3_ws/install/turtlebot3_navigation2/share/turtlebot3_navigation2/rviz/tb3_navigation2.rviz
[0.306s] -- Up-to-date symlink: /home/dmsai1/turtlebot3_ws/install/turtlebot3_navigation2/share/ament_index/resource_index/package_run_dependencies/turtlebot3_navigation2
[0.306s] -- Up-to-date symlink: /home/dmsai1/turtlebot3_ws/install/turtlebot3_navigation2/share/ament_index/resource_index/parent_prefix_path/turtlebot3_navigation2
[0.306s] -- Up-to-date symlink: /home/dmsai1/turtlebot3_ws/install/turtlebot3_navigation2/share/turtlebot3_navigation2/environment/ament_prefix_path.sh
[0.307s] -- Up-to-date symlink: /home/dmsai1/turtlebot3_ws/install/turtlebot3_navigation2/share/turtlebot3_navigation2/environment/ament_prefix_path.dsv
[0.307s] -- Up-to-date symlink: /home/dmsai1/turtlebot3_ws/install/turtlebot3_navigation2/share/turtlebot3_navigation2/environment/path.sh
[0.307s] -- Up-to-date symlink: /home/dmsai1/turtlebot3_ws/install/turtlebot3_navigation2/share/turtlebot3_navigation2/environment/path.dsv
[0.307s] -- Up-to-date symlink: /home/dmsai1/turtlebot3_ws/install/turtlebot3_navigation2/share/turtlebot3_navigation2/local_setup.bash
[0.308s] -- Up-to-date symlink: /home/dmsai1/turtlebot3_ws/install/turtlebot3_navigation2/share/turtlebot3_navigation2/local_setup.sh
[0.308s] -- Up-to-date symlink: /home/dmsai1/turtlebot3_ws/install/turtlebot3_navigation2/share/turtlebot3_navigation2/local_setup.zsh
[0.308s] -- Up-to-date symlink: /home/dmsai1/turtlebot3_ws/install/turtlebot3_navigation2/share/turtlebot3_navigation2/local_setup.dsv
[0.309s] -- Symlinking: /home/dmsai1/turtlebot3_ws/install/turtlebot3_navigation2/share/turtlebot3_navigation2/package.dsv
[0.321s] -- Up-to-date symlink: /home/dmsai1/turtlebot3_ws/install/turtlebot3_navigation2/share/ament_index/resource_index/packages/turtlebot3_navigation2
[0.321s] -- Up-to-date symlink: /home/dmsai1/turtlebot3_ws/install/turtlebot3_navigation2/share/turtlebot3_navigation2/cmake/turtlebot3_navigation2Config.cmake
[0.321s] -- Up-to-date symlink: /home/dmsai1/turtlebot3_ws/install/turtlebot3_navigation2/share/turtlebot3_navigation2/cmake/turtlebot3_navigation2Config-version.cmake
[0.322s] -- Up-to-date symlink: /home/dmsai1/turtlebot3_ws/install/turtlebot3_navigation2/share/turtlebot3_navigation2/package.xml
[0.324s] Invoked command in '/home/dmsai1/turtlebot3_ws/build/turtlebot3_navigation2' returned '0': CMAKE_PREFIX_PATH=${CMAKE_PREFIX_PATH}:/home/dmsai1/turtlebot3_ws/install/turtlebot3_teleop:/home/dmsai1/turtlebot3_ws/install/turtlebot3_example:/opt/ros/foxy CONDA_PROMPT_MODIFIER=(turtlebotdrl) /usr/bin/cmake --install /home/dmsai1/turtlebot3_ws/build/turtlebot3_navigation2
